A new study created in memory with name: cb_opt_fh1
Trial 0 finished with value: 0.020638089684571665 and parameters: {'learning_rate': 0.00438777719072525, 'colsample_bylevel': 0.33380828975267884, 'subsample': 0.10359337014100449, 'min_data_in_leaf': 49, 'lags': 6}. Best is trial 0 with value: 0.020638089684571665.
Trial 1 finished with value: 0.019418297493998832 and parameters: {'learning_rate': 0.39713905888148177, 'colsample_bylevel': 0.32721719106674185, 'subsample': 0.748020571461332, 'min_data_in_leaf': 23, 'lags': 16}. Best is trial 1 with value: 0.019418297493998832.
Trial 2 finished with value: 0.020216308280373352 and parameters: {'learning_rate': 0.025876865585929585, 'colsample_bylevel': 0.520741923071318, 'subsample': 0.6793751937428989, 'min_data_in_leaf': 75, 'lags': 15}. Best is trial 1 with value: 0.019418297493998832.
Trial 3 finished with value: 0.016758636709224166 and parameters: {'learning_rate': 0.12718730138723797, 'colsample_bylevel': 0.5702437593870925, 'subsample': 0.7416232109861707, 'min_data_in_leaf': 80, 'lags': 5}. Best is trial 3 with value: 0.016758636709224166.
Trial 4 finished with value: 0.019468766731789915 and parameters: {'learning_rate': 0.02464224349601706, 'colsample_bylevel': 0.16005472532657733, 'subsample': 0.9953818558227978, 'min_data_in_leaf': 80, 'lags': 13}. Best is trial 3 with value: 0.016758636709224166.
Trial 5 finished with value: 0.022678497629414214 and parameters: {'learning_rate': 0.09245437529620096, 'colsample_bylevel': 0.17188396337672462, 'subsample': 0.7539689405832991, 'min_data_in_leaf': 27, 'lags': 14}. Best is trial 3 with value: 0.016758636709224166.
Trial 6 finished with value: 0.016565670017626107 and parameters: {'learning_rate': 0.18116623787370784, 'colsample_bylevel': 0.37338595473785224, 'subsample': 0.33987425207584665, 'min_data_in_leaf': 8, 'lags': 1}. Best is trial 6 with value: 0.016565670017626107.
Trial 7 finished with value: 0.020694023496286962 and parameters: {'learning_rate': 0.0431300249530729, 'colsample_bylevel': 0.2982623617597218, 'subsample': 0.21427341424089885, 'min_data_in_leaf': 75, 'lags': 4}. Best is trial 6 with value: 0.016565670017626107.
Trial 8 finished with value: 0.02240007079656946 and parameters: {'learning_rate': 0.13970872331173503, 'colsample_bylevel': 0.4852926293847083, 'subsample': 0.42325716541125635, 'min_data_in_leaf': 91, 'lags': 21}. Best is trial 6 with value: 0.016565670017626107.
Trial 9 finished with value: 0.015850749978345555 and parameters: {'learning_rate': 0.2191963872133468, 'colsample_bylevel': 0.9450547780348575, 'subsample': 0.3421068386330857, 'min_data_in_leaf': 87, 'lags': 14}. Best is trial 9 with value: 0.015850749978345555.
Trial 10 finished with value: 0.01680012407206562 and parameters: {'learning_rate': 0.32104593242521523, 'colsample_bylevel': 0.9732984143446802, 'subsample': 0.5001196152914418, 'min_data_in_leaf': 99, 'lags': 9}. Best is trial 9 with value: 0.015850749978345555.
Trial 11 finished with value: 0.018606959863111686 and parameters: {'learning_rate': 0.22928582552145224, 'colsample_bylevel': 0.9715797167666722, 'subsample': 0.32451055025946857, 'min_data_in_leaf': 4, 'lags': 1}. Best is trial 9 with value: 0.015850749978345555.
Trial 12 finished with value: 0.01699901743932903 and parameters: {'learning_rate': 0.22642755288403768, 'colsample_bylevel': 0.7339353682915846, 'subsample': 0.3111175598515612, 'min_data_in_leaf': 52, 'lags': 10}. Best is trial 9 with value: 0.015850749978345555.
Trial 13 finished with value: 0.026480561146557346 and parameters: {'learning_rate': 0.4898278781160378, 'colsample_bylevel': 0.751133333678266, 'subsample': 0.14155303441133418, 'min_data_in_leaf': 58, 'lags': 19}. Best is trial 9 with value: 0.015850749978345555.
Trial 14 finished with value: 0.013626316104565587 and parameters: {'learning_rate': 0.29552990134847196, 'colsample_bylevel': 0.7947583628898174, 'subsample': 0.3405689571879698, 'min_data_in_leaf': 2, 'lags': 1}. Best is trial 14 with value: 0.013626316104565587.
Trial 15 finished with value: 0.021185511089775073 and parameters: {'learning_rate': 0.2959233133173925, 'colsample_bylevel': 0.8361375547821266, 'subsample': 0.5665760801182662, 'min_data_in_leaf': 34, 'lags': 8}. Best is trial 14 with value: 0.013626316104565587.
Trial 16 finished with value: 0.02127765433658909 and parameters: {'learning_rate': 0.36004784786339405, 'colsample_bylevel': 0.8464935567710017, 'subsample': 0.20899977276961995, 'min_data_in_leaf': 42, 'lags': 12}. Best is trial 14 with value: 0.013626316104565587.
Trial 17 finished with value: 0.019697009276262587 and parameters: {'learning_rate': 0.43385711649946657, 'colsample_bylevel': 0.6386774641466888, 'subsample': 0.051701713019902895, 'min_data_in_leaf': 63, 'lags': 17}. Best is trial 14 with value: 0.013626316104565587.
Trial 18 finished with value: 0.019611535858588186 and parameters: {'learning_rate': 0.2754910551793274, 'colsample_bylevel': 0.8659030658354746, 'subsample': 0.45951981446166923, 'min_data_in_leaf': 17, 'lags': 18}. Best is trial 14 with value: 0.013626316104565587.
Trial 19 finished with value: 0.02186898842421289 and parameters: {'learning_rate': 0.18785026055659643, 'colsample_bylevel': 0.6924202361613606, 'subsample': 0.5939001794470862, 'min_data_in_leaf': 64, 'lags': 7}. Best is trial 14 with value: 0.013626316104565587.
Trial 20 finished with value: 0.020732534635769594 and parameters: {'learning_rate': 0.34906385131986145, 'colsample_bylevel': 0.9924859737909494, 'subsample': 0.3828954276652294, 'min_data_in_leaf': 90, 'lags': 3}. Best is trial 14 with value: 0.013626316104565587.
Trial 21 finished with value: 0.020420290063906884 and parameters: {'learning_rate': 0.20241966566692648, 'colsample_bylevel': 0.4236057516755172, 'subsample': 0.2784650391410157, 'min_data_in_leaf': 7, 'lags': 1}. Best is trial 14 with value: 0.013626316104565587.
Trial 22 finished with value: 0.018996415062621994 and parameters: {'learning_rate': 0.16238136464075276, 'colsample_bylevel': 0.8973382713296316, 'subsample': 0.37695081551872944, 'min_data_in_leaf': 12, 'lags': 3}. Best is trial 14 with value: 0.013626316104565587.
Trial 23 finished with value: 0.01803060253367547 and parameters: {'learning_rate': 0.2600499168670934, 'colsample_bylevel': 0.41794255618413456, 'subsample': 0.1968270952868537, 'min_data_in_leaf': 3, 'lags': 11}. Best is trial 14 with value: 0.013626316104565587.
Trial 24 finished with value: 0.01744314910085907 and parameters: {'learning_rate': 0.08908843093140856, 'colsample_bylevel': 0.6497974131871981, 'subsample': 0.2533701770498412, 'min_data_in_leaf': 34, 'lags': 1}. Best is trial 14 with value: 0.013626316104565587.
Trial 25 finished with value: 0.019010334783685773 and parameters: {'learning_rate': 0.30527422332555565, 'colsample_bylevel': 0.7901789432912949, 'subsample': 0.35349357546190985, 'min_data_in_leaf': 15, 'lags': 3}. Best is trial 14 with value: 0.013626316104565587.
Trial 26 finished with value: 0.019271584952071177 and parameters: {'learning_rate': 0.2573794772914131, 'colsample_bylevel': 0.24753426175137946, 'subsample': 0.44933554641886575, 'min_data_in_leaf': 24, 'lags': 6}. Best is trial 14 with value: 0.013626316104565587.
Trial 27 finished with value: 0.023886741037451767 and parameters: {'learning_rate': 0.18572666681181094, 'colsample_bylevel': 0.053441630341021895, 'subsample': 0.5580631453188212, 'min_data_in_leaf': 1, 'lags': 12}. Best is trial 14 with value: 0.013626316104565587.
Trial 28 finished with value: 0.018881547418164286 and parameters: {'learning_rate': 0.10547664069498178, 'colsample_bylevel': 0.90576361208211, 'subsample': 0.9468684573828376, 'min_data_in_leaf': 10, 'lags': 2}. Best is trial 14 with value: 0.013626316104565587.
Trial 29 finished with value: 0.02024018941070129 and parameters: {'learning_rate': 0.22679098039447343, 'colsample_bylevel': 0.4017432941606214, 'subsample': 0.11820022395567689, 'min_data_in_leaf': 44, 'lags': 5}. Best is trial 14 with value: 0.013626316104565587.
Trial 30 finished with value: 0.01820011179820665 and parameters: {'learning_rate': 0.3463643657089123, 'colsample_bylevel': 0.5968731117376517, 'subsample': 0.6244591941735823, 'min_data_in_leaf': 35, 'lags': 7}. Best is trial 14 with value: 0.013626316104565587.
Trial 31 finished with value: 0.019781338007186518 and parameters: {'learning_rate': 0.14360744632285352, 'colsample_bylevel': 0.5768912344047827, 'subsample': 0.8206311816251523, 'min_data_in_leaf': 84, 'lags': 5}. Best is trial 14 with value: 0.013626316104565587.
Trial 32 finished with value: 0.017117861060083756 and parameters: {'learning_rate': 0.12039712344130865, 'colsample_bylevel': 0.7676371884648531, 'subsample': 0.8603915645356335, 'min_data_in_leaf': 100, 'lags': 4}. Best is trial 14 with value: 0.013626316104565587.
Trial 33 finished with value: 0.020316883282486826 and parameters: {'learning_rate': 0.17952676042246085, 'colsample_bylevel': 0.49985605448163223, 'subsample': 0.49249978367276875, 'min_data_in_leaf': 73, 'lags': 2}. Best is trial 14 with value: 0.013626316104565587.
Trial 34 finished with value: 0.01968495273738658 and parameters: {'learning_rate': 0.059112622133343146, 'colsample_bylevel': 0.37433580241012526, 'subsample': 0.705290945967703, 'min_data_in_leaf': 70, 'lags': 15}. Best is trial 14 with value: 0.013626316104565587.
Trial 35 finished with value: 0.022255491505936857 and parameters: {'learning_rate': 0.20970261009811486, 'colsample_bylevel': 0.26374336251239366, 'subsample': 0.38520154004494495, 'min_data_in_leaf': 83, 'lags': 5}. Best is trial 14 with value: 0.013626316104565587.
Trial 36 finished with value: 0.020972222923780006 and parameters: {'learning_rate': 0.15920358225918346, 'colsample_bylevel': 0.4553186863146577, 'subsample': 0.6446587552850047, 'min_data_in_leaf': 94, 'lags': 14}. Best is trial 14 with value: 0.013626316104565587.
Trial 37 finished with value: 0.01783468295782275 and parameters: {'learning_rate': 0.0758195178302582, 'colsample_bylevel': 0.5687986147281, 'subsample': 0.27494684843462447, 'min_data_in_leaf': 17, 'lags': 2}. Best is trial 14 with value: 0.013626316104565587.
Trial 38 finished with value: 0.017036901500563573 and parameters: {'learning_rate': 0.1271735572693376, 'colsample_bylevel': 0.3462754623569474, 'subsample': 0.1610138933890981, 'min_data_in_leaf': 87, 'lags': 4}. Best is trial 14 with value: 0.013626316104565587.
Trial 39 finished with value: 0.015757244486738146 and parameters: {'learning_rate': 0.38699404130788617, 'colsample_bylevel': 0.9269836358618304, 'subsample': 0.7465460633205495, 'min_data_in_leaf': 29, 'lags': 16}. Best is trial 14 with value: 0.013626316104565587.
Trial 40 finished with value: 0.024362108679699308 and parameters: {'learning_rate': 0.46303368016372815, 'colsample_bylevel': 0.9381981026474959, 'subsample': 0.8168852435619693, 'min_data_in_leaf': 29, 'lags': 16}. Best is trial 14 with value: 0.013626316104565587.
Trial 41 finished with value: 0.019968842636540998 and parameters: {'learning_rate': 0.39823231490215805, 'colsample_bylevel': 0.8013693496471541, 'subsample': 0.7302554261330689, 'min_data_in_leaf': 80, 'lags': 14}. Best is trial 14 with value: 0.013626316104565587.
Trial 42 finished with value: 0.01620621245240455 and parameters: {'learning_rate': 0.3976573516189532, 'colsample_bylevel': 0.9355621895704995, 'subsample': 0.7965820414103715, 'min_data_in_leaf': 21, 'lags': 20}. Best is trial 14 with value: 0.013626316104565587.
Trial 43 finished with value: 0.02601387593427442 and parameters: {'learning_rate': 0.40987685777452987, 'colsample_bylevel': 0.9291421734285961, 'subsample': 0.9256743070648212, 'min_data_in_leaf': 8, 'lags': 21}. Best is trial 14 with value: 0.013626316104565587.
Trial 44 finished with value: 0.01770991331226016 and parameters: {'learning_rate': 0.37429518671289674, 'colsample_bylevel': 0.9968606050024043, 'subsample': 0.4238640451709895, 'min_data_in_leaf': 20, 'lags': 20}. Best is trial 14 with value: 0.013626316104565587.
Trial 45 finished with value: 0.01966164384927918 and parameters: {'learning_rate': 0.4266333741342327, 'colsample_bylevel': 0.8758660697187883, 'subsample': 0.8066166958072891, 'min_data_in_leaf': 27, 'lags': 18}. Best is trial 14 with value: 0.013626316104565587.
Trial 46 finished with value: 0.017107496219650385 and parameters: {'learning_rate': 0.3787842973153014, 'colsample_bylevel': 0.8217925832039974, 'subsample': 0.3277632755205055, 'min_data_in_leaf': 21, 'lags': 16}. Best is trial 14 with value: 0.013626316104565587.
Trial 47 finished with value: 0.02419607470697809 and parameters: {'learning_rate': 0.3176049025588696, 'colsample_bylevel': 0.9382770802584789, 'subsample': 0.7688327694305908, 'min_data_in_leaf': 14, 'lags': 13}. Best is trial 14 with value: 0.013626316104565587.
Trial 48 finished with value: 0.019698915637009484 and parameters: {'learning_rate': 0.27857655509171986, 'colsample_bylevel': 0.7064900982953858, 'subsample': 0.5069619219896654, 'min_data_in_leaf': 6, 'lags': 19}. Best is trial 14 with value: 0.013626316104565587.
Trial 49 finished with value: 0.0224348364883522 and parameters: {'learning_rate': 0.46867611738625914, 'colsample_bylevel': 0.9413894512303236, 'subsample': 0.250599967584762, 'min_data_in_leaf': 48, 'lags': 17}. Best is trial 14 with value: 0.013626316104565587.
