A new study created in memory with name: lgbm_opt_fh1
Trial 0 finished with value: 0.17381745802024687 and parameters: {'learning_rate': 0.00438777719072525, 'colsample_bytree': 0.33380828975267884, 'subsample': 0.10359337014100449, 'min_data_in_leaf': 49, 'lags': 6}. Best is trial 0 with value: 0.17381745802024687.
Trial 1 finished with value: 0.016806764082262844 and parameters: {'learning_rate': 0.39713905888148177, 'colsample_bytree': 0.32721719106674185, 'subsample': 0.748020571461332, 'min_data_in_leaf': 23, 'lags': 16}. Best is trial 1 with value: 0.016806764082262844.
Trial 2 finished with value: 0.025056455607215755 and parameters: {'learning_rate': 0.025876865585929585, 'colsample_bytree': 0.520741923071318, 'subsample': 0.6793751937428989, 'min_data_in_leaf': 75, 'lags': 15}. Best is trial 1 with value: 0.016806764082262844.
Trial 3 finished with value: 0.027309259817590838 and parameters: {'learning_rate': 0.12718730138723797, 'colsample_bytree': 0.5702437593870925, 'subsample': 0.7416232109861707, 'min_data_in_leaf': 80, 'lags': 5}. Best is trial 1 with value: 0.016806764082262844.
Trial 4 finished with value: 0.037230567466543116 and parameters: {'learning_rate': 0.02464224349601706, 'colsample_bytree': 0.16005472532657733, 'subsample': 0.9953818558227978, 'min_data_in_leaf': 80, 'lags': 13}. Best is trial 1 with value: 0.016806764082262844.
Trial 5 finished with value: 0.032070944066380995 and parameters: {'learning_rate': 0.09245437529620096, 'colsample_bytree': 0.17188396337672462, 'subsample': 0.7539689405832991, 'min_data_in_leaf': 27, 'lags': 14}. Best is trial 1 with value: 0.016806764082262844.
Trial 6 finished with value: 0.023872527315188692 and parameters: {'learning_rate': 0.18116623787370784, 'colsample_bytree': 0.37338595473785224, 'subsample': 0.33987425207584665, 'min_data_in_leaf': 8, 'lags': 1}. Best is trial 1 with value: 0.016806764082262844.
Trial 7 finished with value: 0.035705358953622916 and parameters: {'learning_rate': 0.0431300249530729, 'colsample_bytree': 0.2982623617597218, 'subsample': 0.21427341424089885, 'min_data_in_leaf': 75, 'lags': 4}. Best is trial 1 with value: 0.016806764082262844.
Trial 8 finished with value: 0.04025720375357505 and parameters: {'learning_rate': 0.13970872331173503, 'colsample_bytree': 0.4852926293847083, 'subsample': 0.42325716541125635, 'min_data_in_leaf': 91, 'lags': 21}. Best is trial 1 with value: 0.016806764082262844.
Trial 9 finished with value: 0.03876586229749228 and parameters: {'learning_rate': 0.2191963872133468, 'colsample_bytree': 0.9450547780348575, 'subsample': 0.3421068386330857, 'min_data_in_leaf': 87, 'lags': 14}. Best is trial 1 with value: 0.016806764082262844.
Trial 10 finished with value: 0.024009389422953612 and parameters: {'learning_rate': 0.41565780984136125, 'colsample_bytree': 0.8357364373085302, 'subsample': 0.9096194016165478, 'min_data_in_leaf': 35, 'lags': 20}. Best is trial 1 with value: 0.016806764082262844.
Trial 11 finished with value: 0.028454446601876588 and parameters: {'learning_rate': 0.38806232648312805, 'colsample_bytree': 0.3900390744822761, 'subsample': 0.5553582598016067, 'min_data_in_leaf': 4, 'lags': 1}. Best is trial 1 with value: 0.016806764082262844.
Trial 12 finished with value: 0.03804167982814298 and parameters: {'learning_rate': 0.31716816797824915, 'colsample_bytree': 0.05690190537901357, 'subsample': 0.5508463875342894, 'min_data_in_leaf': 3, 'lags': 9}. Best is trial 1 with value: 0.016806764082262844.
Trial 13 finished with value: 0.02641269952715968 and parameters: {'learning_rate': 0.4879126177419192, 'colsample_bytree': 0.680331452254094, 'subsample': 0.26403936412877144, 'min_data_in_leaf': 17, 'lags': 17}. Best is trial 1 with value: 0.016806764082262844.
Trial 14 finished with value: 0.023253229022230603 and parameters: {'learning_rate': 0.23672910421839247, 'colsample_bytree': 0.24381923273132144, 'subsample': 0.45248110363819183, 'min_data_in_leaf': 19, 'lags': 10}. Best is trial 1 with value: 0.016806764082262844.
Trial 15 finished with value: 0.02087009798047886 and parameters: {'learning_rate': 0.29117702981507887, 'colsample_bytree': 0.2186957042210228, 'subsample': 0.653608009267521, 'min_data_in_leaf': 52, 'lags': 9}. Best is trial 1 with value: 0.016806764082262844.
Trial 16 finished with value: 0.021893550176069226 and parameters: {'learning_rate': 0.33601316748001864, 'colsample_bytree': 0.054169303659693746, 'subsample': 0.8542142155453913, 'min_data_in_leaf': 56, 'lags': 8}. Best is trial 1 with value: 0.016806764082262844.
Trial 17 finished with value: 0.022731082052167572 and parameters: {'learning_rate': 0.291833045146642, 'colsample_bytree': 0.655709980283289, 'subsample': 0.7216069174486107, 'min_data_in_leaf': 52, 'lags': 18}. Best is trial 1 with value: 0.016806764082262844.
Trial 18 finished with value: 0.027346867163330367 and parameters: {'learning_rate': 0.48633121457603307, 'colsample_bytree': 0.1919358529437883, 'subsample': 0.6125904021444086, 'min_data_in_leaf': 40, 'lags': 12}. Best is trial 1 with value: 0.016806764082262844.
Trial 19 finished with value: 0.02946261574325456 and parameters: {'learning_rate': 0.3915083860372183, 'colsample_bytree': 0.46817813563134847, 'subsample': 0.8928085586458071, 'min_data_in_leaf': 64, 'lags': 16}. Best is trial 1 with value: 0.016806764082262844.
Trial 20 finished with value: 0.022248653211317245 and parameters: {'learning_rate': 0.27346516059339937, 'colsample_bytree': 0.27986516280406426, 'subsample': 0.82221384343782, 'min_data_in_leaf': 41, 'lags': 11}. Best is trial 1 with value: 0.016806764082262844.
Trial 21 finished with value: 0.020892878076468606 and parameters: {'learning_rate': 0.35109234754937185, 'colsample_bytree': 0.05612997227851069, 'subsample': 0.8378829465576378, 'min_data_in_leaf': 58, 'lags': 8}. Best is trial 1 with value: 0.016806764082262844.
Trial 22 finished with value: 0.025852566335900506 and parameters: {'learning_rate': 0.3517410701483133, 'colsample_bytree': 0.11216270312229215, 'subsample': 0.6661740735533007, 'min_data_in_leaf': 66, 'lags': 7}. Best is trial 1 with value: 0.016806764082262844.
Trial 23 finished with value: 0.01895211973109189 and parameters: {'learning_rate': 0.43827732724495505, 'colsample_bytree': 0.2156426851195823, 'subsample': 0.9890782574261834, 'min_data_in_leaf': 63, 'lags': 10}. Best is trial 1 with value: 0.016806764082262844.
Trial 24 finished with value: 0.015123067687715435 and parameters: {'learning_rate': 0.433043422623199, 'colsample_bytree': 0.39828199842022083, 'subsample': 0.9673100963617978, 'min_data_in_leaf': 46, 'lags': 11}. Best is trial 24 with value: 0.015123067687715435.
Trial 25 finished with value: 0.01730058869720223 and parameters: {'learning_rate': 0.44482078202841424, 'colsample_bytree': 0.42612530195535897, 'subsample': 0.9865332474436034, 'min_data_in_leaf': 33, 'lags': 12}. Best is trial 24 with value: 0.015123067687715435.
Trial 26 finished with value: 0.018322994623175225 and parameters: {'learning_rate': 0.45001592438604443, 'colsample_bytree': 0.42022037311385496, 'subsample': 0.9053033205752041, 'min_data_in_leaf': 27, 'lags': 19}. Best is trial 24 with value: 0.015123067687715435.
Trial 27 finished with value: 0.018499617653234473 and parameters: {'learning_rate': 0.45333880517259767, 'colsample_bytree': 0.6036906509596733, 'subsample': 0.9580490873674166, 'min_data_in_leaf': 31, 'lags': 12}. Best is trial 24 with value: 0.015123067687715435.
Trial 28 finished with value: 0.027000453834263007 and parameters: {'learning_rate': 0.49962280628498834, 'colsample_bytree': 0.748952830917105, 'subsample': 0.7708901480909194, 'min_data_in_leaf': 19, 'lags': 16}. Best is trial 24 with value: 0.015123067687715435.
Trial 29 finished with value: 0.059137115872786195 and parameters: {'learning_rate': 0.37610769188703275, 'colsample_bytree': 0.35080492304165933, 'subsample': 0.06058436091927927, 'min_data_in_leaf': 44, 'lags': 13}. Best is trial 24 with value: 0.015123067687715435.
Trial 30 finished with value: 0.021898356722808897 and parameters: {'learning_rate': 0.41730525515157446, 'colsample_bytree': 0.4550361573200344, 'subsample': 0.8252676422815484, 'min_data_in_leaf': 45, 'lags': 15}. Best is trial 24 with value: 0.015123067687715435.
Trial 31 finished with value: 0.025303992777181417 and parameters: {'learning_rate': 0.45283946141408055, 'colsample_bytree': 0.4129254528082105, 'subsample': 0.9231923107503491, 'min_data_in_leaf': 30, 'lags': 19}. Best is trial 24 with value: 0.015123067687715435.
Trial 32 finished with value: 0.014226215443813087 and parameters: {'learning_rate': 0.45934364381215476, 'colsample_bytree': 0.33763163795589585, 'subsample': 0.939884501137114, 'min_data_in_leaf': 24, 'lags': 18}. Best is trial 32 with value: 0.014226215443813087.
Trial 33 finished with value: 0.02116160963790933 and parameters: {'learning_rate': 0.41640290755533965, 'colsample_bytree': 0.5438247630672032, 'subsample': 0.9355437953022151, 'min_data_in_leaf': 13, 'lags': 18}. Best is trial 32 with value: 0.014226215443813087.
Trial 34 finished with value: 0.01739362654905883 and parameters: {'learning_rate': 0.4743566798062409, 'colsample_bytree': 0.29679417640599487, 'subsample': 0.9977298616719238, 'min_data_in_leaf': 24, 'lags': 16}. Best is trial 32 with value: 0.014226215443813087.
Trial 35 finished with value: 0.0348612284276812 and parameters: {'learning_rate': 0.3971892900007358, 'colsample_bytree': 0.3342593868217834, 'subsample': 0.787515476694888, 'min_data_in_leaf': 36, 'lags': 14}. Best is trial 32 with value: 0.014226215443813087.
Trial 36 finished with value: 0.020280338254024585 and parameters: {'learning_rate': 0.36904184297814, 'colsample_bytree': 0.43587653798619774, 'subsample': 0.8618785145605709, 'min_data_in_leaf': 23, 'lags': 12}. Best is trial 32 with value: 0.014226215443813087.
Trial 37 finished with value: 0.016094664888349573 and parameters: {'learning_rate': 0.43842807795742117, 'colsample_bytree': 0.49984416190003644, 'subsample': 0.7252067867203225, 'min_data_in_leaf': 11, 'lags': 5}. Best is trial 32 with value: 0.014226215443813087.
Trial 38 finished with value: 0.016082868053254516 and parameters: {'learning_rate': 0.4701118686216062, 'colsample_bytree': 0.4985182392734457, 'subsample': 0.7102491504947199, 'min_data_in_leaf': 10, 'lags': 5}. Best is trial 32 with value: 0.014226215443813087.
Trial 39 finished with value: 0.013928613082740618 and parameters: {'learning_rate': 0.46304827073094457, 'colsample_bytree': 0.5143882554368077, 'subsample': 0.7165728145777219, 'min_data_in_leaf': 9, 'lags': 4}. Best is trial 39 with value: 0.013928613082740618.
Trial 40 finished with value: 0.021065230541258383 and parameters: {'learning_rate': 0.4678821016873573, 'colsample_bytree': 0.601927747963982, 'subsample': 0.6174236722393762, 'min_data_in_leaf': 9, 'lags': 3}. Best is trial 39 with value: 0.013928613082740618.
Trial 41 finished with value: 0.011538896369294458 and parameters: {'learning_rate': 0.42988774230439897, 'colsample_bytree': 0.4987372768581148, 'subsample': 0.7111678038772331, 'min_data_in_leaf': 12, 'lags': 5}. Best is trial 41 with value: 0.011538896369294458.
Trial 42 finished with value: 0.01542278899394808 and parameters: {'learning_rate': 0.4238991104506713, 'colsample_bytree': 0.5197488566687041, 'subsample': 0.5023035388434354, 'min_data_in_leaf': 1, 'lags': 3}. Best is trial 41 with value: 0.011538896369294458.
Trial 43 finished with value: 0.02085262889179905 and parameters: {'learning_rate': 0.40987685777452987, 'colsample_bytree': 0.5487242578874403, 'subsample': 0.4213670946191994, 'min_data_in_leaf': 2, 'lags': 3}. Best is trial 41 with value: 0.011538896369294458.
Trial 44 finished with value: 0.020556822587871035 and parameters: {'learning_rate': 0.4200072451914872, 'colsample_bytree': 0.6006410245382201, 'subsample': 0.5345732400949513, 'min_data_in_leaf': 17, 'lags': 2}. Best is trial 41 with value: 0.011538896369294458.
Trial 45 finished with value: 0.015811830043282547 and parameters: {'learning_rate': 0.4305366949172813, 'colsample_bytree': 0.38061444472110406, 'subsample': 0.4854931298590445, 'min_data_in_leaf': 5, 'lags': 6}. Best is trial 41 with value: 0.011538896369294458.
Trial 46 finished with value: 0.015348080746197697 and parameters: {'learning_rate': 0.16249616739331096, 'colsample_bytree': 0.6747101324124567, 'subsample': 0.5794183500658219, 'min_data_in_leaf': 14, 'lags': 4}. Best is trial 41 with value: 0.011538896369294458.
Trial 47 finished with value: 0.012240423862617308 and parameters: {'learning_rate': 0.18602796348070716, 'colsample_bytree': 0.7678935565698891, 'subsample': 0.5895147300220601, 'min_data_in_leaf': 14, 'lags': 4}. Best is trial 41 with value: 0.011538896369294458.
Trial 48 finished with value: 0.011620429377564207 and parameters: {'learning_rate': 0.18980234466742682, 'colsample_bytree': 0.9486609478498927, 'subsample': 0.7940513720522604, 'min_data_in_leaf': 7, 'lags': 6}. Best is trial 41 with value: 0.011538896369294458.
Trial 49 finished with value: 0.01616354505475623 and parameters: {'learning_rate': 0.20689603338189344, 'colsample_bytree': 0.9062435242680345, 'subsample': 0.6856177828298836, 'min_data_in_leaf': 22, 'lags': 6}. Best is trial 41 with value: 0.011538896369294458.
