A new study created in memory with name: cb_opt_fh1
Trial 0 finished with value: 0.01522368315919605 and parameters: {'learning_rate': 0.00438777719072525, 'colsample_bylevel': 0.33380828975267884, 'subsample': 0.10359337014100449, 'min_data_in_leaf': 49, 'lags': 6}. Best is trial 0 with value: 0.01522368315919605.
Trial 1 finished with value: 0.012689979389184586 and parameters: {'learning_rate': 0.39713905888148177, 'colsample_bylevel': 0.32721719106674185, 'subsample': 0.748020571461332, 'min_data_in_leaf': 23, 'lags': 16}. Best is trial 1 with value: 0.012689979389184586.
Trial 2 finished with value: 0.011608771286233019 and parameters: {'learning_rate': 0.025876865585929585, 'colsample_bylevel': 0.520741923071318, 'subsample': 0.6793751937428989, 'min_data_in_leaf': 75, 'lags': 15}. Best is trial 2 with value: 0.011608771286233019.
Trial 3 finished with value: 0.013783633703578884 and parameters: {'learning_rate': 0.12718730138723797, 'colsample_bylevel': 0.5702437593870925, 'subsample': 0.7416232109861707, 'min_data_in_leaf': 80, 'lags': 5}. Best is trial 2 with value: 0.011608771286233019.
Trial 4 finished with value: 0.011528896897932284 and parameters: {'learning_rate': 0.02464224349601706, 'colsample_bylevel': 0.16005472532657733, 'subsample': 0.9953818558227978, 'min_data_in_leaf': 80, 'lags': 13}. Best is trial 4 with value: 0.011528896897932284.
Trial 5 finished with value: 0.010710836582803484 and parameters: {'learning_rate': 0.09245437529620096, 'colsample_bylevel': 0.17188396337672462, 'subsample': 0.7539689405832991, 'min_data_in_leaf': 27, 'lags': 14}. Best is trial 5 with value: 0.010710836582803484.
Trial 6 finished with value: 0.019703131860799538 and parameters: {'learning_rate': 0.18116623787370784, 'colsample_bylevel': 0.37338595473785224, 'subsample': 0.33987425207584665, 'min_data_in_leaf': 8, 'lags': 1}. Best is trial 5 with value: 0.010710836582803484.
Trial 7 finished with value: 0.015053227323394019 and parameters: {'learning_rate': 0.0431300249530729, 'colsample_bylevel': 0.2982623617597218, 'subsample': 0.21427341424089885, 'min_data_in_leaf': 75, 'lags': 4}. Best is trial 5 with value: 0.010710836582803484.
Trial 8 finished with value: 0.014151712455093363 and parameters: {'learning_rate': 0.13970872331173503, 'colsample_bylevel': 0.4852926293847083, 'subsample': 0.42325716541125635, 'min_data_in_leaf': 91, 'lags': 21}. Best is trial 5 with value: 0.010710836582803484.
Trial 9 finished with value: 0.012960233704779237 and parameters: {'learning_rate': 0.2191963872133468, 'colsample_bylevel': 0.9450547780348575, 'subsample': 0.3421068386330857, 'min_data_in_leaf': 87, 'lags': 14}. Best is trial 5 with value: 0.010710836582803484.
Trial 10 finished with value: 0.01204913108045939 and parameters: {'learning_rate': 0.33133007812003645, 'colsample_bylevel': 0.08400008111768309, 'subsample': 0.9111310858355062, 'min_data_in_leaf': 37, 'lags': 9}. Best is trial 5 with value: 0.010710836582803484.
Trial 11 finished with value: 0.010638428981342877 and parameters: {'learning_rate': 0.09452315240746256, 'colsample_bylevel': 0.12345109496123233, 'subsample': 0.9947698413163439, 'min_data_in_leaf': 58, 'lags': 11}. Best is trial 11 with value: 0.010638428981342877.
Trial 12 finished with value: 0.013464659870725496 and parameters: {'learning_rate': 0.2860451862794613, 'colsample_bylevel': 0.05690190537901357, 'subsample': 0.835520778213062, 'min_data_in_leaf': 57, 'lags': 10}. Best is trial 11 with value: 0.010638428981342877.
Trial 13 finished with value: 0.019832555723803946 and parameters: {'learning_rate': 0.4879126177419192, 'colsample_bylevel': 0.7306172924586972, 'subsample': 0.602141356454395, 'min_data_in_leaf': 28, 'lags': 20}. Best is trial 11 with value: 0.010638428981342877.
Trial 14 finished with value: 0.011549026176269819 and parameters: {'learning_rate': 0.09617481180080273, 'colsample_bylevel': 0.20483370850225593, 'subsample': 0.9933513615060563, 'min_data_in_leaf': 55, 'lags': 18}. Best is trial 11 with value: 0.010638428981342877.
Trial 15 finished with value: 0.011358553166296997 and parameters: {'learning_rate': 0.08076788050019294, 'colsample_bylevel': 0.20100537425735612, 'subsample': 0.8320032646279305, 'min_data_in_leaf': 4, 'lags': 12}. Best is trial 11 with value: 0.010638428981342877.
Trial 16 finished with value: 0.009521559238692712 and parameters: {'learning_rate': 0.19313578097991652, 'colsample_bylevel': 0.6774778026468194, 'subsample': 0.5648608138473864, 'min_data_in_leaf': 36, 'lags': 9}. Best is trial 16 with value: 0.009521559238692712.
Trial 17 finished with value: 0.013586496935641141 and parameters: {'learning_rate': 0.20778502516797948, 'colsample_bylevel': 0.7199128451955354, 'subsample': 0.5125027134849451, 'min_data_in_leaf': 62, 'lags': 8}. Best is trial 16 with value: 0.009521559238692712.
Trial 18 finished with value: 0.013627415142708729 and parameters: {'learning_rate': 0.29176254561943465, 'colsample_bylevel': 0.7481204444919368, 'subsample': 0.5407512316112798, 'min_data_in_leaf': 43, 'lags': 7}. Best is trial 16 with value: 0.009521559238692712.
Trial 19 finished with value: 0.012079110541926046 and parameters: {'learning_rate': 0.15804869706519947, 'colsample_bylevel': 0.9059169382303216, 'subsample': 0.12873784265080285, 'min_data_in_leaf': 64, 'lags': 11}. Best is trial 16 with value: 0.009521559238692712.
Trial 20 finished with value: 0.012285543477753253 and parameters: {'learning_rate': 0.26309593985801927, 'colsample_bylevel': 0.6401383271501996, 'subsample': 0.6352592104332577, 'min_data_in_leaf': 15, 'lags': 3}. Best is trial 16 with value: 0.009521559238692712.
Trial 21 finished with value: 0.01034158569970872 and parameters: {'learning_rate': 0.10082735868756006, 'colsample_bylevel': 0.44624503238468705, 'subsample': 0.8515925413800431, 'min_data_in_leaf': 30, 'lags': 17}. Best is trial 16 with value: 0.009521559238692712.
Trial 22 finished with value: 0.01063789027672988 and parameters: {'learning_rate': 0.2004068927176556, 'colsample_bylevel': 0.43870832322267617, 'subsample': 0.8939722926157774, 'min_data_in_leaf': 40, 'lags': 18}. Best is trial 16 with value: 0.009521559238692712.
Trial 23 finished with value: 0.010494245218356452 and parameters: {'learning_rate': 0.23342985781213368, 'colsample_bylevel': 0.4340625416653443, 'subsample': 0.8643897988099982, 'min_data_in_leaf': 35, 'lags': 18}. Best is trial 16 with value: 0.009521559238692712.
Trial 24 finished with value: 0.013231836303287382 and parameters: {'learning_rate': 0.34435254061566967, 'colsample_bylevel': 0.6282709691858112, 'subsample': 0.8532177726382605, 'min_data_in_leaf': 34, 'lags': 17}. Best is trial 16 with value: 0.009521559238692712.
Trial 25 finished with value: 0.012292394872872241 and parameters: {'learning_rate': 0.24142338137859204, 'colsample_bylevel': 0.8556642284188879, 'subsample': 0.521439394744865, 'min_data_in_leaf': 19, 'lags': 18}. Best is trial 16 with value: 0.009521559238692712.
Trial 26 finished with value: 0.014296309294402685 and parameters: {'learning_rate': 0.15350781651854012, 'colsample_bylevel': 0.42022037311385496, 'subsample': 0.6903704048812122, 'min_data_in_leaf': 31, 'lags': 21}. Best is trial 16 with value: 0.009521559238692712.
Trial 27 finished with value: 0.014599395479438507 and parameters: {'learning_rate': 0.24443310540920649, 'colsample_bylevel': 0.5759808482947892, 'subsample': 0.7770625694471237, 'min_data_in_leaf': 47, 'lags': 16}. Best is trial 16 with value: 0.009521559238692712.
Trial 28 finished with value: 0.013607178810852109 and parameters: {'learning_rate': 0.18128428211783137, 'colsample_bylevel': 0.6586362083409323, 'subsample': 0.912315979206723, 'min_data_in_leaf': 15, 'lags': 19}. Best is trial 16 with value: 0.009521559238692712.
Trial 29 finished with value: 0.012863099393856412 and parameters: {'learning_rate': 0.060393852573579355, 'colsample_bylevel': 0.834736471453093, 'subsample': 0.4282575612496184, 'min_data_in_leaf': 51, 'lags': 7}. Best is trial 16 with value: 0.009521559238692712.
Trial 30 finished with value: 0.013196374405255423 and parameters: {'learning_rate': 0.38200953834416335, 'colsample_bylevel': 0.2721335756388148, 'subsample': 0.06114589428119688, 'min_data_in_leaf': 44, 'lags': 13}. Best is trial 16 with value: 0.009521559238692712.
Trial 31 finished with value: 0.013121874299004826 and parameters: {'learning_rate': 0.20368056246359165, 'colsample_bylevel': 0.43896764322191884, 'subsample': 0.9062980545281093, 'min_data_in_leaf': 41, 'lags': 19}. Best is trial 16 with value: 0.009521559238692712.
Trial 32 finished with value: 0.011416585240942667 and parameters: {'learning_rate': 0.1259117714757109, 'colsample_bylevel': 0.45066099270050836, 'subsample': 0.8044120141911387, 'min_data_in_leaf': 39, 'lags': 16}. Best is trial 16 with value: 0.009521559238692712.
Trial 33 finished with value: 0.011768383873830543 and parameters: {'learning_rate': 0.17952676042246085, 'colsample_bylevel': 0.3741816474794824, 'subsample': 0.8964439880831735, 'min_data_in_leaf': 25, 'lags': 17}. Best is trial 16 with value: 0.009521559238692712.
Trial 34 finished with value: 0.010910332561113241 and parameters: {'learning_rate': 0.28220412330147704, 'colsample_bylevel': 0.5413175262278707, 'subsample': 0.7154833905063127, 'min_data_in_leaf': 34, 'lags': 15}. Best is trial 16 with value: 0.009521559238692712.
Trial 35 finished with value: 0.013486079330175422 and parameters: {'learning_rate': 0.23231718938821994, 'colsample_bylevel': 0.4930486179362662, 'subsample': 0.6281469581686846, 'min_data_in_leaf': 20, 'lags': 19}. Best is trial 16 with value: 0.009521559238692712.
Trial 36 finished with value: 0.014066071875011937 and parameters: {'learning_rate': 0.11884204903708517, 'colsample_bylevel': 0.5941793992500205, 'subsample': 0.9472074649801802, 'min_data_in_leaf': 51, 'lags': 17}. Best is trial 16 with value: 0.009521559238692712.
Trial 37 finished with value: 0.013228185541210755 and parameters: {'learning_rate': 0.32601426436951636, 'colsample_bylevel': 0.3598061289010639, 'subsample': 0.8576375286793254, 'min_data_in_leaf': 30, 'lags': 15}. Best is trial 16 with value: 0.009521559238692712.
Trial 38 finished with value: 0.013924599885257669 and parameters: {'learning_rate': 0.1878367243340054, 'colsample_bylevel': 0.5250481362965239, 'subsample': 0.7638377806646978, 'min_data_in_leaf': 10, 'lags': 20}. Best is trial 16 with value: 0.009521559238692712.
Trial 39 finished with value: 0.01136036938528834 and parameters: {'learning_rate': 0.1598562951270568, 'colsample_bylevel': 0.26553101689428865, 'subsample': 0.7138621137200305, 'min_data_in_leaf': 22, 'lags': 13}. Best is trial 16 with value: 0.009521559238692712.
Trial 40 finished with value: 0.016140368522486404 and parameters: {'learning_rate': 0.013376959866906596, 'colsample_bylevel': 0.3960292200351538, 'subsample': 0.24437547600196585, 'min_data_in_leaf': 69, 'lags': 5}. Best is trial 16 with value: 0.009521559238692712.
Trial 41 finished with value: 0.010320894478403212 and parameters: {'learning_rate': 0.06216691545567787, 'colsample_bylevel': 0.3422604235542758, 'subsample': 0.9656852426612073, 'min_data_in_leaf': 47, 'lags': 11}. Best is trial 16 with value: 0.009521559238692712.
Trial 42 finished with value: 0.01062369000391437 and parameters: {'learning_rate': 0.051190913671465624, 'colsample_bylevel': 0.3275674041757097, 'subsample': 0.970371035500845, 'min_data_in_leaf': 36, 'lags': 10}. Best is trial 16 with value: 0.009521559238692712.
Trial 43 finished with value: 0.01105426131642273 and parameters: {'learning_rate': 0.02487808608850639, 'colsample_bylevel': 0.32847054526273645, 'subsample': 0.9591814842060085, 'min_data_in_leaf': 48, 'lags': 9}. Best is trial 16 with value: 0.009521559238692712.
Trial 44 finished with value: 0.011916706675200834 and parameters: {'learning_rate': 0.05906708672823746, 'colsample_bylevel': 0.25049699438432765, 'subsample': 0.952358308892816, 'min_data_in_leaf': 34, 'lags': 10}. Best is trial 16 with value: 0.009521559238692712.
Trial 45 finished with value: 0.011260831533377093 and parameters: {'learning_rate': 0.07067737956267243, 'colsample_bylevel': 0.32727903390520396, 'subsample': 0.8066166958072891, 'min_data_in_leaf': 37, 'lags': 12}. Best is trial 16 with value: 0.009521559238692712.
Trial 46 finished with value: 0.012281679912539117 and parameters: {'learning_rate': 0.003902662019653863, 'colsample_bylevel': 0.29873401018508294, 'subsample': 0.9916603308820979, 'min_data_in_leaf': 45, 'lags': 9}. Best is trial 16 with value: 0.009521559238692712.
Trial 47 finished with value: 0.010713962519194249 and parameters: {'learning_rate': 0.11021476371982425, 'colsample_bylevel': 0.48203051895577365, 'subsample': 0.868084714121055, 'min_data_in_leaf': 27, 'lags': 11}. Best is trial 16 with value: 0.009521559238692712.
Trial 48 finished with value: 0.011609232732178365 and parameters: {'learning_rate': 0.04645999149938487, 'colsample_bylevel': 0.38370710430734106, 'subsample': 0.9391090326064591, 'min_data_in_leaf': 52, 'lags': 8}. Best is trial 16 with value: 0.009521559238692712.
Trial 49 finished with value: 0.011160611898198848 and parameters: {'learning_rate': 0.4942794999297697, 'colsample_bylevel': 0.4801006909369691, 'subsample': 0.4327003780571237, 'min_data_in_leaf': 32, 'lags': 10}. Best is trial 16 with value: 0.009521559238692712.
