A new study created in memory with name: lgbm_opt_fh1
Trial 0 finished with value: 0.01819707939137183 and parameters: {'learning_rate': 0.00438777719072525, 'colsample_bytree': 0.33380828975267884, 'subsample': 0.10359337014100449, 'min_data_in_leaf': 49, 'lags': 6}. Best is trial 0 with value: 0.01819707939137183.
Trial 1 finished with value: 0.014208398359591335 and parameters: {'learning_rate': 0.39713905888148177, 'colsample_bytree': 0.32721719106674185, 'subsample': 0.748020571461332, 'min_data_in_leaf': 23, 'lags': 16}. Best is trial 1 with value: 0.014208398359591335.
Trial 2 finished with value: 0.013242334417593229 and parameters: {'learning_rate': 0.025876865585929585, 'colsample_bytree': 0.520741923071318, 'subsample': 0.6793751937428989, 'min_data_in_leaf': 75, 'lags': 15}. Best is trial 2 with value: 0.013242334417593229.
Trial 3 finished with value: 0.018580712803166484 and parameters: {'learning_rate': 0.12718730138723797, 'colsample_bytree': 0.5702437593870925, 'subsample': 0.7416232109861707, 'min_data_in_leaf': 80, 'lags': 5}. Best is trial 2 with value: 0.013242334417593229.
Trial 4 finished with value: 0.014064118754121327 and parameters: {'learning_rate': 0.02464224349601706, 'colsample_bytree': 0.16005472532657733, 'subsample': 0.9953818558227978, 'min_data_in_leaf': 80, 'lags': 13}. Best is trial 2 with value: 0.013242334417593229.
Trial 5 finished with value: 0.013006749169963644 and parameters: {'learning_rate': 0.09245437529620096, 'colsample_bytree': 0.17188396337672462, 'subsample': 0.7539689405832991, 'min_data_in_leaf': 27, 'lags': 14}. Best is trial 5 with value: 0.013006749169963644.
Trial 6 finished with value: 0.021851317849808188 and parameters: {'learning_rate': 0.18116623787370784, 'colsample_bytree': 0.37338595473785224, 'subsample': 0.33987425207584665, 'min_data_in_leaf': 8, 'lags': 1}. Best is trial 5 with value: 0.013006749169963644.
Trial 7 finished with value: 0.018952465203351147 and parameters: {'learning_rate': 0.0431300249530729, 'colsample_bytree': 0.2982623617597218, 'subsample': 0.21427341424089885, 'min_data_in_leaf': 75, 'lags': 4}. Best is trial 5 with value: 0.013006749169963644.
Trial 8 finished with value: 0.012659747991827276 and parameters: {'learning_rate': 0.13970872331173503, 'colsample_bytree': 0.4852926293847083, 'subsample': 0.42325716541125635, 'min_data_in_leaf': 91, 'lags': 21}. Best is trial 8 with value: 0.012659747991827276.
Trial 9 finished with value: 0.012352945768786894 and parameters: {'learning_rate': 0.2191963872133468, 'colsample_bytree': 0.9450547780348575, 'subsample': 0.3421068386330857, 'min_data_in_leaf': 87, 'lags': 14}. Best is trial 9 with value: 0.012352945768786894.
Trial 10 finished with value: 0.012977610711151912 and parameters: {'learning_rate': 0.32104593242521523, 'colsample_bytree': 0.9732984143446802, 'subsample': 0.5001196152914418, 'min_data_in_leaf': 99, 'lags': 9}. Best is trial 9 with value: 0.012352945768786894.
Trial 11 finished with value: 0.013816876307383888 and parameters: {'learning_rate': 0.23643959370743423, 'colsample_bytree': 0.9021309751085923, 'subsample': 0.3982868046771395, 'min_data_in_leaf': 99, 'lags': 21}. Best is trial 9 with value: 0.012352945768786894.
Trial 12 finished with value: 0.013002820588121194 and parameters: {'learning_rate': 0.28169001256162435, 'colsample_bytree': 0.7339353682915846, 'subsample': 0.30977552395035046, 'min_data_in_leaf': 56, 'lags': 20}. Best is trial 9 with value: 0.012352945768786894.
Trial 13 finished with value: 0.014402042607297442 and parameters: {'learning_rate': 0.4898278781160378, 'colsample_bytree': 0.7483475629131304, 'subsample': 0.5420250856156223, 'min_data_in_leaf': 58, 'lags': 19}. Best is trial 9 with value: 0.012352945768786894.
Trial 14 finished with value: 0.014860401558439942 and parameters: {'learning_rate': 0.1993752159554741, 'colsample_bytree': 0.5744295912402144, 'subsample': 0.15567857921511052, 'min_data_in_leaf': 88, 'lags': 10}. Best is trial 9 with value: 0.012352945768786894.
Trial 15 finished with value: 0.013083918676195908 and parameters: {'learning_rate': 0.13869410100419616, 'colsample_bytree': 0.7877847613083546, 'subsample': 0.49966395616747006, 'min_data_in_leaf': 66, 'lags': 18}. Best is trial 9 with value: 0.012352945768786894.
Trial 16 finished with value: 0.014762018843768621 and parameters: {'learning_rate': 0.33601316748001864, 'colsample_bytree': 0.4708188530768908, 'subsample': 0.2948368695812316, 'min_data_in_leaf': 45, 'lags': 12}. Best is trial 9 with value: 0.012352945768786894.
Trial 17 finished with value: 0.018217269193736677 and parameters: {'learning_rate': 0.22974727167893405, 'colsample_bytree': 0.6171118876131668, 'subsample': 0.05287561884679376, 'min_data_in_leaf': 90, 'lags': 17}. Best is trial 9 with value: 0.012352945768786894.
Trial 18 finished with value: 0.015108606594296267 and parameters: {'learning_rate': 0.09200006573007061, 'colsample_bytree': 0.6677537670216054, 'subsample': 0.5854921639505362, 'min_data_in_leaf': 39, 'lags': 8}. Best is trial 9 with value: 0.012352945768786894.
Trial 19 finished with value: 0.011978210785923397 and parameters: {'learning_rate': 0.16313456320632674, 'colsample_bytree': 0.8778417060012838, 'subsample': 0.4310639368475818, 'min_data_in_leaf': 66, 'lags': 21}. Best is trial 19 with value: 0.011978210785923397.
Trial 20 finished with value: 0.01587418015518683 and parameters: {'learning_rate': 0.29212280032252924, 'colsample_bytree': 0.8703647666397301, 'subsample': 0.23675899823927918, 'min_data_in_leaf': 64, 'lags': 12}. Best is trial 19 with value: 0.011978210785923397.
Trial 21 finished with value: 0.013120753856397516 and parameters: {'learning_rate': 0.15253498157912906, 'colsample_bytree': 0.9481487632395406, 'subsample': 0.4337694365983662, 'min_data_in_leaf': 90, 'lags': 21}. Best is trial 19 with value: 0.011978210785923397.
Trial 22 finished with value: 0.013024474621736688 and parameters: {'learning_rate': 0.19375394153517295, 'colsample_bytree': 0.8118606705303774, 'subsample': 0.4133576400352603, 'min_data_in_leaf': 70, 'lags': 18}. Best is trial 19 with value: 0.011978210785923397.
Trial 23 finished with value: 0.01490340737642693 and parameters: {'learning_rate': 0.08842501643063436, 'colsample_bytree': 0.41794255618413456, 'subsample': 0.596041260616848, 'min_data_in_leaf': 85, 'lags': 16}. Best is trial 19 with value: 0.011978210785923397.
Trial 24 finished with value: 0.013783165006185266 and parameters: {'learning_rate': 0.26924648343208263, 'colsample_bytree': 0.6795131154702911, 'subsample': 0.36033880368860355, 'min_data_in_leaf': 100, 'lags': 19}. Best is trial 19 with value: 0.011978210785923397.
Trial 25 finished with value: 0.012865560291240256 and parameters: {'learning_rate': 0.16623901292007554, 'colsample_bytree': 0.8462537065911311, 'subsample': 0.23952925511389872, 'min_data_in_leaf': 92, 'lags': 21}. Best is trial 19 with value: 0.011978210785923397.
Trial 26 finished with value: 0.015239419408663862 and parameters: {'learning_rate': 0.22975483536485364, 'colsample_bytree': 0.24835274693895038, 'subsample': 0.4529675161640657, 'min_data_in_leaf': 80, 'lags': 17}. Best is trial 19 with value: 0.011978210785923397.
Trial 27 finished with value: 0.01676132314301446 and parameters: {'learning_rate': 0.11945479060677532, 'colsample_bytree': 0.053441630341021895, 'subsample': 0.958983281491629, 'min_data_in_leaf': 59, 'lags': 14}. Best is trial 19 with value: 0.011978210785923397.
Trial 28 finished with value: 0.013458276564734608 and parameters: {'learning_rate': 0.3732588311424228, 'colsample_bytree': 0.9711175771785403, 'subsample': 0.6402505320606782, 'min_data_in_leaf': 74, 'lags': 19}. Best is trial 19 with value: 0.011978210785923397.
Trial 29 finished with value: 0.01310967227131558 and parameters: {'learning_rate': 0.06156924210315404, 'colsample_bytree': 0.9064103257738625, 'subsample': 0.11820022395567689, 'min_data_in_leaf': 48, 'lags': 7}. Best is trial 19 with value: 0.011978210785923397.
Trial 30 finished with value: 0.013606297694300162 and parameters: {'learning_rate': 0.2019067054586391, 'colsample_bytree': 0.46654181272186945, 'subsample': 0.4734190553843638, 'min_data_in_leaf': 69, 'lags': 20}. Best is trial 19 with value: 0.011978210785923397.
Trial 31 finished with value: 0.012848144940939549 and parameters: {'learning_rate': 0.168163825117563, 'colsample_bytree': 0.8412973494158585, 'subsample': 0.22479616423356996, 'min_data_in_leaf': 93, 'lags': 21}. Best is trial 19 with value: 0.011978210785923397.
Trial 32 finished with value: 0.013007663831153255 and parameters: {'learning_rate': 0.1658890585172409, 'colsample_bytree': 0.9922268683958033, 'subsample': 0.21929742549606338, 'min_data_in_leaf': 94, 'lags': 21}. Best is trial 19 with value: 0.011978210785923397.
Trial 33 finished with value: 0.01258948719733422 and parameters: {'learning_rate': 0.2178262041123232, 'colsample_bytree': 0.8190393660717644, 'subsample': 0.28789355658622895, 'min_data_in_leaf': 84, 'lags': 16}. Best is trial 19 with value: 0.011978210785923397.
Trial 34 finished with value: 0.015523383753721693 and parameters: {'learning_rate': 0.2583393275243483, 'colsample_bytree': 0.747652482745349, 'subsample': 0.37177704758804836, 'min_data_in_leaf': 84, 'lags': 15}. Best is trial 19 with value: 0.011978210785923397.
Trial 35 finished with value: 0.013211748330239059 and parameters: {'learning_rate': 0.214689275221841, 'colsample_bytree': 0.6714208515850268, 'subsample': 0.29891279577395535, 'min_data_in_leaf': 78, 'lags': 15}. Best is trial 19 with value: 0.011978210785923397.
Trial 36 finished with value: 0.013835201424379431 and parameters: {'learning_rate': 0.11884204903708517, 'colsample_bytree': 0.552814351073537, 'subsample': 0.3210264368278426, 'min_data_in_leaf': 83, 'lags': 17}. Best is trial 19 with value: 0.011978210785923397.
Trial 37 finished with value: 0.016586851349888427 and parameters: {'learning_rate': 0.13092850198762113, 'colsample_bytree': 0.9122514629989692, 'subsample': 0.5332703728603919, 'min_data_in_leaf': 74, 'lags': 11}. Best is trial 19 with value: 0.011978210785923397.
Trial 38 finished with value: 0.04437198288621176 and parameters: {'learning_rate': 0.4558416764855194, 'colsample_bytree': 0.7868506872414897, 'subsample': 0.14465217888344734, 'min_data_in_leaf': 4, 'lags': 14}. Best is trial 19 with value: 0.011978210785923397.
Trial 39 finished with value: 0.016716485121161622 and parameters: {'learning_rate': 0.2990615123226737, 'colsample_bytree': 0.4884472123705792, 'subsample': 0.8281559332547798, 'min_data_in_leaf': 39, 'lags': 16}. Best is trial 19 with value: 0.011978210785923397.
Trial 40 finished with value: 0.014884589483513427 and parameters: {'learning_rate': 0.013376959866906596, 'colsample_bytree': 0.3960292200351538, 'subsample': 0.3866316217391695, 'min_data_in_leaf': 95, 'lags': 13}. Best is trial 19 with value: 0.011978210785923397.
Trial 41 finished with value: 0.012469476389147813 and parameters: {'learning_rate': 0.1753379586063075, 'colsample_bytree': 0.8452782569665444, 'subsample': 0.26619816952389663, 'min_data_in_leaf': 88, 'lags': 20}. Best is trial 19 with value: 0.011978210785923397.
Trial 42 finished with value: 0.016024609735178975 and parameters: {'learning_rate': 0.24296191098520722, 'colsample_bytree': 0.9355621895704995, 'subsample': 0.2850492422333655, 'min_data_in_leaf': 86, 'lags': 18}. Best is trial 19 with value: 0.011978210785923397.
Trial 43 finished with value: 0.013288901104905163 and parameters: {'learning_rate': 0.180670326839668, 'colsample_bytree': 0.8850654851459222, 'subsample': 0.1735875495691977, 'min_data_in_leaf': 79, 'lags': 20}. Best is trial 19 with value: 0.011978210785923397.
Trial 44 finished with value: 0.013665493416697766 and parameters: {'learning_rate': 0.07099693692384942, 'colsample_bytree': 0.8263374049974767, 'subsample': 0.2599582633748286, 'min_data_in_leaf': 72, 'lags': 19}. Best is trial 19 with value: 0.011978210785923397.
Trial 45 finished with value: 0.02152168237615381 and parameters: {'learning_rate': 0.2156150143774121, 'colsample_bytree': 0.6136825719138623, 'subsample': 0.35155945053645987, 'min_data_in_leaf': 62, 'lags': 2}. Best is trial 19 with value: 0.011978210785923397.
Trial 46 finished with value: 0.015246925521035626 and parameters: {'learning_rate': 0.11740790611713615, 'colsample_bytree': 0.7148914632799411, 'subsample': 0.4282037191842122, 'min_data_in_leaf': 96, 'lags': 20}. Best is trial 19 with value: 0.011978210785923397.
Trial 47 finished with value: 0.013145906873996933 and parameters: {'learning_rate': 0.15607458782365996, 'colsample_bytree': 0.9912326127914385, 'subsample': 0.48342478312361103, 'min_data_in_leaf': 53, 'lags': 16}. Best is trial 19 with value: 0.011978210785923397.
Trial 48 finished with value: 0.013221556237608425 and parameters: {'learning_rate': 0.18980234466742682, 'colsample_bytree': 0.7853976356599454, 'subsample': 0.18178991504115044, 'min_data_in_leaf': 88, 'lags': 18}. Best is trial 19 with value: 0.011978210785923397.
Trial 49 finished with value: 0.01642007082501425 and parameters: {'learning_rate': 0.14367020337475356, 'colsample_bytree': 0.30711383318175267, 'subsample': 0.32966245778940656, 'min_data_in_leaf': 24, 'lags': 17}. Best is trial 19 with value: 0.011978210785923397.
