A new study created in memory with name: cb_opt_fh1
Trial 0 finished with value: 0.004962077149671184 and parameters: {'learning_rate': 0.00438777719072525, 'colsample_bylevel': 0.33380828975267884, 'subsample': 0.10359337014100449, 'min_data_in_leaf': 49, 'lags': 6}. Best is trial 0 with value: 0.004962077149671184.
Trial 1 finished with value: 0.007043615348855675 and parameters: {'learning_rate': 0.39713905888148177, 'colsample_bylevel': 0.32721719106674185, 'subsample': 0.748020571461332, 'min_data_in_leaf': 23, 'lags': 16}. Best is trial 0 with value: 0.004962077149671184.
Trial 2 finished with value: 0.00528797993653384 and parameters: {'learning_rate': 0.025876865585929585, 'colsample_bylevel': 0.520741923071318, 'subsample': 0.6793751937428989, 'min_data_in_leaf': 75, 'lags': 15}. Best is trial 0 with value: 0.004962077149671184.
Trial 3 finished with value: 0.004224828407131256 and parameters: {'learning_rate': 0.12718730138723797, 'colsample_bylevel': 0.5702437593870925, 'subsample': 0.7416232109861707, 'min_data_in_leaf': 80, 'lags': 5}. Best is trial 3 with value: 0.004224828407131256.
Trial 4 finished with value: 0.0056538798161576715 and parameters: {'learning_rate': 0.02464224349601706, 'colsample_bylevel': 0.16005472532657733, 'subsample': 0.9953818558227978, 'min_data_in_leaf': 80, 'lags': 13}. Best is trial 3 with value: 0.004224828407131256.
Trial 5 finished with value: 0.004457493065344494 and parameters: {'learning_rate': 0.09245437529620096, 'colsample_bylevel': 0.17188396337672462, 'subsample': 0.7539689405832991, 'min_data_in_leaf': 27, 'lags': 14}. Best is trial 3 with value: 0.004224828407131256.
Trial 6 finished with value: 0.005817765614431267 and parameters: {'learning_rate': 0.18116623787370784, 'colsample_bylevel': 0.37338595473785224, 'subsample': 0.33987425207584665, 'min_data_in_leaf': 8, 'lags': 1}. Best is trial 3 with value: 0.004224828407131256.
Trial 7 finished with value: 0.003947114576206705 and parameters: {'learning_rate': 0.0431300249530729, 'colsample_bylevel': 0.2982623617597218, 'subsample': 0.21427341424089885, 'min_data_in_leaf': 75, 'lags': 4}. Best is trial 7 with value: 0.003947114576206705.
Trial 8 finished with value: 0.006387864490588975 and parameters: {'learning_rate': 0.13970872331173503, 'colsample_bylevel': 0.4852926293847083, 'subsample': 0.42325716541125635, 'min_data_in_leaf': 91, 'lags': 21}. Best is trial 7 with value: 0.003947114576206705.
Trial 9 finished with value: 0.004276395629337353 and parameters: {'learning_rate': 0.2191963872133468, 'colsample_bylevel': 0.9450547780348575, 'subsample': 0.3421068386330857, 'min_data_in_leaf': 87, 'lags': 14}. Best is trial 7 with value: 0.003947114576206705.
Trial 10 finished with value: 0.01023164870636294 and parameters: {'learning_rate': 0.32104593242521523, 'colsample_bylevel': 0.8202630612747348, 'subsample': 0.10004896270992952, 'min_data_in_leaf': 57, 'lags': 9}. Best is trial 7 with value: 0.003947114576206705.
Trial 11 finished with value: 0.004059317004465458 and parameters: {'learning_rate': 0.12340901754983799, 'colsample_bylevel': 0.7028712659527477, 'subsample': 0.5787498945133774, 'min_data_in_leaf': 62, 'lags': 3}. Best is trial 7 with value: 0.003947114576206705.
Trial 12 finished with value: 0.00671216362406569 and parameters: {'learning_rate': 0.28169001256162435, 'colsample_bylevel': 0.6954934842455416, 'subsample': 0.5414859687437957, 'min_data_in_leaf': 58, 'lags': 1}. Best is trial 7 with value: 0.003947114576206705.
Trial 13 finished with value: 0.006257567441440073 and parameters: {'learning_rate': 0.4879126177419192, 'colsample_bylevel': 0.7075537308907782, 'subsample': 0.5501358824091387, 'min_data_in_leaf': 67, 'lags': 5}. Best is trial 7 with value: 0.003947114576206705.
Trial 14 finished with value: 0.006772183619980892 and parameters: {'learning_rate': 0.08025119691943869, 'colsample_bylevel': 0.06112683478019715, 'subsample': 0.27963335814482804, 'min_data_in_leaf': 99, 'lags': 8}. Best is trial 7 with value: 0.003947114576206705.
Trial 15 finished with value: 0.004174051146615322 and parameters: {'learning_rate': 0.19868456687256097, 'colsample_bylevel': 0.6650744451700082, 'subsample': 0.2211167227330031, 'min_data_in_leaf': 46, 'lags': 3}. Best is trial 7 with value: 0.003947114576206705.
Trial 16 finished with value: 0.004730842376403602 and parameters: {'learning_rate': 0.07962622270164257, 'colsample_bylevel': 0.9801514039332904, 'subsample': 0.9168152695456683, 'min_data_in_leaf': 36, 'lags': 10}. Best is trial 7 with value: 0.003947114576206705.
Trial 17 finished with value: 0.003648945431356974 and parameters: {'learning_rate': 0.15522372003180257, 'colsample_bylevel': 0.8189451572152714, 'subsample': 0.46084300554903246, 'min_data_in_leaf': 69, 'lags': 3}. Best is trial 17 with value: 0.003648945431356974.
Trial 18 finished with value: 0.006086833049514537 and parameters: {'learning_rate': 0.28583026526745925, 'colsample_bylevel': 0.8499160173933893, 'subsample': 0.4286992167338731, 'min_data_in_leaf': 70, 'lags': 8}. Best is trial 17 with value: 0.003648945431356974.
Trial 19 finished with value: 0.00481694278075513 and parameters: {'learning_rate': 0.3742309870629392, 'colsample_bylevel': 0.445494782671387, 'subsample': 0.22715121874194538, 'min_data_in_leaf': 41, 'lags': 3}. Best is trial 17 with value: 0.003648945431356974.
Trial 20 finished with value: 0.004571957087545058 and parameters: {'learning_rate': 0.16439346408314237, 'colsample_bylevel': 0.18717931181681088, 'subsample': 0.4608305928620686, 'min_data_in_leaf': 99, 'lags': 6}. Best is trial 17 with value: 0.003648945431356974.
Trial 21 finished with value: 0.003325651378990545 and parameters: {'learning_rate': 0.11032307561776242, 'colsample_bylevel': 0.8250147002313577, 'subsample': 0.5913886427104391, 'min_data_in_leaf': 62, 'lags': 3}. Best is trial 21 with value: 0.003325651378990545.
Trial 22 finished with value: 0.00336526611426381 and parameters: {'learning_rate': 0.059109575746191315, 'colsample_bylevel': 0.8269438136865361, 'subsample': 0.059934504474225714, 'min_data_in_leaf': 70, 'lags': 3}. Best is trial 21 with value: 0.003325651378990545.
Trial 23 finished with value: 0.00872133670783451 and parameters: {'learning_rate': 0.23342985781213368, 'colsample_bylevel': 0.8382344831601082, 'subsample': 0.6475279772992635, 'min_data_in_leaf': 57, 'lags': 1}. Best is trial 21 with value: 0.003325651378990545.
Trial 24 finished with value: 0.0037609876004445703 and parameters: {'learning_rate': 0.06178974031426441, 'colsample_bylevel': 0.8993533012459128, 'subsample': 0.8532177726382605, 'min_data_in_leaf': 66, 'lags': 7}. Best is trial 21 with value: 0.003325651378990545.
Trial 25 finished with value: 0.0052302670318054275 and parameters: {'learning_rate': 0.12254669943675664, 'colsample_bylevel': 0.7786327816553532, 'subsample': 0.6304014115564862, 'min_data_in_leaf': 87, 'lags': 18}. Best is trial 21 with value: 0.003325651378990545.
Trial 26 finished with value: 0.004684648241648106 and parameters: {'learning_rate': 0.16079662812563067, 'colsample_bylevel': 0.9211467095361462, 'subsample': 0.4812247731515473, 'min_data_in_leaf': 52, 'lags': 11}. Best is trial 21 with value: 0.003325651378990545.
Trial 27 finished with value: 0.00570819759705625 and parameters: {'learning_rate': 0.10344835888091986, 'colsample_bylevel': 0.629013630616471, 'subsample': 0.05219966730917025, 'min_data_in_leaf': 76, 'lags': 2}. Best is trial 21 with value: 0.003325651378990545.
Trial 28 finished with value: 0.005123805486912432 and parameters: {'learning_rate': 0.2066371990566948, 'colsample_bylevel': 0.7491791884835094, 'subsample': 0.35531470447445856, 'min_data_in_leaf': 68, 'lags': 4}. Best is trial 21 with value: 0.003325651378990545.
Trial 29 finished with value: 0.004617134889019767 and parameters: {'learning_rate': 0.01004959361951438, 'colsample_bylevel': 0.6225183229544461, 'subsample': 0.18077713151790786, 'min_data_in_leaf': 45, 'lags': 6}. Best is trial 21 with value: 0.003325651378990545.
Trial 30 finished with value: 0.003198574410255413 and parameters: {'learning_rate': 0.26323309564134967, 'colsample_bylevel': 0.8783582585939724, 'subsample': 0.16664258569443224, 'min_data_in_leaf': 53, 'lags': 5}. Best is trial 30 with value: 0.003198574410255413.
Trial 31 finished with value: 0.004951197592613169 and parameters: {'learning_rate': 0.2580978403599435, 'colsample_bylevel': 0.8633646626022548, 'subsample': 0.05510079765785894, 'min_data_in_leaf': 52, 'lags': 4}. Best is trial 30 with value: 0.003198574410255413.
Trial 32 finished with value: 0.005746099061409164 and parameters: {'learning_rate': 0.34018534408752255, 'colsample_bylevel': 0.9922268683958033, 'subsample': 0.1363952097699906, 'min_data_in_leaf': 36, 'lags': 2}. Best is trial 30 with value: 0.003198574410255413.
Trial 33 finished with value: 0.004457577707303073 and parameters: {'learning_rate': 0.05646123539870135, 'colsample_bylevel': 0.7775042975517902, 'subsample': 0.16396523467211985, 'min_data_in_leaf': 61, 'lags': 5}. Best is trial 30 with value: 0.003198574410255413.
Trial 34 finished with value: 0.004742505440021727 and parameters: {'learning_rate': 0.2556877339804887, 'colsample_bylevel': 0.9052176627739256, 'subsample': 0.26698882879721353, 'min_data_in_leaf': 72, 'lags': 7}. Best is trial 30 with value: 0.003198574410255413.
Trial 35 finished with value: 0.006041025477879996 and parameters: {'learning_rate': 0.1503846324503886, 'colsample_bylevel': 0.806626695876535, 'subsample': 0.09276916912701723, 'min_data_in_leaf': 80, 'lags': 2}. Best is trial 30 with value: 0.003198574410255413.
Trial 36 finished with value: 0.005287777135561626 and parameters: {'learning_rate': 0.18873018684577408, 'colsample_bylevel': 0.5757140073862634, 'subsample': 0.6756736720550381, 'min_data_in_leaf': 53, 'lags': 5}. Best is trial 30 with value: 0.003198574410255413.
Trial 37 finished with value: 0.005060893287977092 and parameters: {'learning_rate': 0.4222328486904372, 'colsample_bylevel': 0.7601586492482149, 'subsample': 0.7406393539734986, 'min_data_in_leaf': 29, 'lags': 3}. Best is trial 30 with value: 0.003198574410255413.
Trial 38 finished with value: 0.0039265799079163674 and parameters: {'learning_rate': 0.10833248255104076, 'colsample_bylevel': 0.8635772933047725, 'subsample': 0.8030578234510426, 'min_data_in_leaf': 15, 'lags': 6}. Best is trial 30 with value: 0.003198574410255413.
Trial 39 finished with value: 0.004645429714559681 and parameters: {'learning_rate': 0.003779960453731003, 'colsample_bylevel': 0.9584798361742713, 'subsample': 0.5993420596715668, 'min_data_in_leaf': 65, 'lags': 12}. Best is trial 30 with value: 0.003198574410255413.
Trial 40 finished with value: 0.004199552268042792 and parameters: {'learning_rate': 0.027957463922975878, 'colsample_bylevel': 0.7306310507608984, 'subsample': 0.37731888166320515, 'min_data_in_leaf': 75, 'lags': 4}. Best is trial 30 with value: 0.003198574410255413.
Trial 41 finished with value: 0.004084661033829663 and parameters: {'learning_rate': 0.05551032827239305, 'colsample_bylevel': 0.9015419044143199, 'subsample': 0.8715752164817576, 'min_data_in_leaf': 65, 'lags': 7}. Best is trial 30 with value: 0.003198574410255413.
Trial 42 finished with value: 0.0038986788568137814 and parameters: {'learning_rate': 0.07527191219645687, 'colsample_bylevel': 0.8901039065575344, 'subsample': 0.9648076707798096, 'min_data_in_leaf': 86, 'lags': 7}. Best is trial 30 with value: 0.003198574410255413.
Trial 43 finished with value: 0.004277818892350652 and parameters: {'learning_rate': 0.048384578838407064, 'colsample_bylevel': 0.8102410048681576, 'subsample': 0.8641392962450345, 'min_data_in_leaf': 62, 'lags': 2}. Best is trial 30 with value: 0.003198574410255413.
Trial 44 finished with value: 0.005167689229773144 and parameters: {'learning_rate': 0.13632654212199247, 'colsample_bylevel': 0.9560614439126291, 'subsample': 0.7099422501695447, 'min_data_in_leaf': 81, 'lags': 5}. Best is trial 30 with value: 0.003198574410255413.
Trial 45 finished with value: 0.004560035510843163 and parameters: {'learning_rate': 0.10381451012106327, 'colsample_bylevel': 0.9334197646110121, 'subsample': 0.8066166958072891, 'min_data_in_leaf': 56, 'lags': 9}. Best is trial 30 with value: 0.003198574410255413.
Trial 46 finished with value: 0.00786384218910705 and parameters: {'learning_rate': 0.310452577695106, 'colsample_bylevel': 0.796691934864222, 'subsample': 0.29080691361857447, 'min_data_in_leaf': 49, 'lags': 1}. Best is trial 30 with value: 0.003198574410255413.
Trial 47 finished with value: 0.004004980988172489 and parameters: {'learning_rate': 0.030051084675521117, 'colsample_bylevel': 0.8723374940624178, 'subsample': 0.4950983994127093, 'min_data_in_leaf': 71, 'lags': 3}. Best is trial 30 with value: 0.003198574410255413.
Trial 48 finished with value: 0.003774676261639621 and parameters: {'learning_rate': 0.23007822048978283, 'colsample_bylevel': 0.5511064742828556, 'subsample': 0.39660147074271157, 'min_data_in_leaf': 60, 'lags': 4}. Best is trial 30 with value: 0.003198574410255413.
Trial 49 finished with value: 0.0036248676143283746 and parameters: {'learning_rate': 0.06866696457212629, 'colsample_bylevel': 0.6586533049792154, 'subsample': 0.12809188732864607, 'min_data_in_leaf': 65, 'lags': 6}. Best is trial 30 with value: 0.003198574410255413.
