A new study created in memory with name: lgbm_opt_fh1
Trial 0 finished with value: 0.060200456662660995 and parameters: {'learning_rate': 0.00438777719072525, 'colsample_bytree': 0.33380828975267884, 'subsample': 0.10359337014100449, 'min_data_in_leaf': 49, 'lags': 6}. Best is trial 0 with value: 0.060200456662660995.
Trial 1 finished with value: 0.0068914000436194525 and parameters: {'learning_rate': 0.39713905888148177, 'colsample_bytree': 0.32721719106674185, 'subsample': 0.748020571461332, 'min_data_in_leaf': 23, 'lags': 16}. Best is trial 1 with value: 0.0068914000436194525.
Trial 2 finished with value: 0.00797236975917193 and parameters: {'learning_rate': 0.025876865585929585, 'colsample_bytree': 0.520741923071318, 'subsample': 0.6793751937428989, 'min_data_in_leaf': 75, 'lags': 15}. Best is trial 1 with value: 0.0068914000436194525.
Trial 3 finished with value: 0.005086362374801123 and parameters: {'learning_rate': 0.12718730138723797, 'colsample_bytree': 0.5702437593870925, 'subsample': 0.7416232109861707, 'min_data_in_leaf': 80, 'lags': 5}. Best is trial 3 with value: 0.005086362374801123.
Trial 4 finished with value: 0.01978529971931061 and parameters: {'learning_rate': 0.02464224349601706, 'colsample_bytree': 0.16005472532657733, 'subsample': 0.9953818558227978, 'min_data_in_leaf': 80, 'lags': 13}. Best is trial 3 with value: 0.005086362374801123.
Trial 5 finished with value: 0.009484155324161879 and parameters: {'learning_rate': 0.09245437529620096, 'colsample_bytree': 0.17188396337672462, 'subsample': 0.7539689405832991, 'min_data_in_leaf': 27, 'lags': 14}. Best is trial 3 with value: 0.005086362374801123.
Trial 6 finished with value: 0.01160835807632751 and parameters: {'learning_rate': 0.18116623787370784, 'colsample_bytree': 0.37338595473785224, 'subsample': 0.33987425207584665, 'min_data_in_leaf': 8, 'lags': 1}. Best is trial 3 with value: 0.005086362374801123.
Trial 7 finished with value: 0.008264140538855174 and parameters: {'learning_rate': 0.0431300249530729, 'colsample_bytree': 0.2982623617597218, 'subsample': 0.21427341424089885, 'min_data_in_leaf': 75, 'lags': 4}. Best is trial 3 with value: 0.005086362374801123.
Trial 8 finished with value: 0.005707847641890745 and parameters: {'learning_rate': 0.13970872331173503, 'colsample_bytree': 0.4852926293847083, 'subsample': 0.42325716541125635, 'min_data_in_leaf': 91, 'lags': 21}. Best is trial 3 with value: 0.005086362374801123.
Trial 9 finished with value: 0.006982867690386632 and parameters: {'learning_rate': 0.2191963872133468, 'colsample_bytree': 0.9450547780348575, 'subsample': 0.3421068386330857, 'min_data_in_leaf': 87, 'lags': 14}. Best is trial 3 with value: 0.005086362374801123.
Trial 10 finished with value: 0.008322388847680889 and parameters: {'learning_rate': 0.32104593242521523, 'colsample_bytree': 0.8328853467367642, 'subsample': 0.9093925511314505, 'min_data_in_leaf': 57, 'lags': 9}. Best is trial 3 with value: 0.005086362374801123.
Trial 11 finished with value: 0.005090888416585418 and parameters: {'learning_rate': 0.14375912750924472, 'colsample_bytree': 0.7028011775963455, 'subsample': 0.5360799432508936, 'min_data_in_leaf': 97, 'lags': 21}. Best is trial 3 with value: 0.005086362374801123.
Trial 12 finished with value: 0.007711448149691045 and parameters: {'learning_rate': 0.28169001256162435, 'colsample_bytree': 0.6954415521485887, 'subsample': 0.5740431913627387, 'min_data_in_leaf': 100, 'lags': 21}. Best is trial 3 with value: 0.005086362374801123.
Trial 13 finished with value: 0.006820010287057679 and parameters: {'learning_rate': 0.4879126177419192, 'colsample_bytree': 0.7075024852515104, 'subsample': 0.5501358824091387, 'min_data_in_leaf': 57, 'lags': 9}. Best is trial 3 with value: 0.005086362374801123.
Trial 14 finished with value: 0.0071592876788550905 and parameters: {'learning_rate': 0.13403259263104933, 'colsample_bytree': 0.6708766762488537, 'subsample': 0.8663251350453537, 'min_data_in_leaf': 100, 'lags': 18}. Best is trial 3 with value: 0.005086362374801123.
Trial 15 finished with value: 0.006642032132950819 and parameters: {'learning_rate': 0.21608676889867307, 'colsample_bytree': 0.6182578905613763, 'subsample': 0.6422040468603738, 'min_data_in_leaf': 66, 'lags': 5}. Best is trial 3 with value: 0.005086362374801123.
Trial 16 finished with value: 0.0055285896901008475 and parameters: {'learning_rate': 0.11881769014899016, 'colsample_bytree': 0.8030121384787274, 'subsample': 0.45883633353508424, 'min_data_in_leaf': 45, 'lags': 10}. Best is trial 3 with value: 0.005086362374801123.
Trial 17 finished with value: 0.006121391129913853 and parameters: {'learning_rate': 0.279981487500669, 'colsample_bytree': 0.955831930215352, 'subsample': 0.8046260059812013, 'min_data_in_leaf': 88, 'lags': 1}. Best is trial 3 with value: 0.005086362374801123.
Trial 18 finished with value: 0.006322616839715858 and parameters: {'learning_rate': 0.07152510522055977, 'colsample_bytree': 0.5877434059813564, 'subsample': 0.6455584625466676, 'min_data_in_leaf': 68, 'lags': 7}. Best is trial 3 with value: 0.005086362374801123.
Trial 19 finished with value: 0.01104685975057519 and parameters: {'learning_rate': 0.1770944835079688, 'colsample_bytree': 0.45444909181856236, 'subsample': 0.4667906848807409, 'min_data_in_leaf': 41, 'lags': 18}. Best is trial 3 with value: 0.005086362374801123.
Trial 20 finished with value: 0.006846114847613773 and parameters: {'learning_rate': 0.33647840413714514, 'colsample_bytree': 0.8029633961411973, 'subsample': 0.3145068800964134, 'min_data_in_leaf': 92, 'lags': 3}. Best is trial 3 with value: 0.005086362374801123.
Trial 21 finished with value: 0.006370316513855956 and parameters: {'learning_rate': 0.11032307561776242, 'colsample_bytree': 0.8150936534614452, 'subsample': 0.44921578271010054, 'min_data_in_leaf': 37, 'lags': 10}. Best is trial 3 with value: 0.005086362374801123.
Trial 22 finished with value: 0.006051050435332104 and parameters: {'learning_rate': 0.15952048844250816, 'colsample_bytree': 0.758220112589261, 'subsample': 0.5350260091060667, 'min_data_in_leaf': 50, 'lags': 12}. Best is trial 3 with value: 0.005086362374801123.
Trial 23 finished with value: 0.008296675560329985 and parameters: {'learning_rate': 0.07652908917970838, 'colsample_bytree': 0.8926185724181072, 'subsample': 0.2569947024115371, 'min_data_in_leaf': 64, 'lags': 7}. Best is trial 3 with value: 0.005086362374801123.
Trial 24 finished with value: 0.007137417306973157 and parameters: {'learning_rate': 0.2053845985288269, 'colsample_bytree': 0.5760723128681209, 'subsample': 0.5911854540662813, 'min_data_in_leaf': 35, 'lags': 11}. Best is trial 3 with value: 0.005086362374801123.
Trial 25 finished with value: 0.006624478230297613 and parameters: {'learning_rate': 0.11752300419810897, 'colsample_bytree': 0.6529539708497619, 'subsample': 0.4840698739187581, 'min_data_in_leaf': 80, 'lags': 8}. Best is trial 3 with value: 0.005086362374801123.
Trial 26 finished with value: 0.0046374697798894065 and parameters: {'learning_rate': 0.06479916537502438, 'colsample_bytree': 0.7399340995954907, 'subsample': 0.40185795855809525, 'min_data_in_leaf': 43, 'lags': 3}. Best is trial 26 with value: 0.0046374697798894065.
Trial 27 finished with value: 0.012829462263783611 and parameters: {'learning_rate': 0.04985751674791918, 'colsample_bytree': 0.053441630341021895, 'subsample': 0.14590834973711803, 'min_data_in_leaf': 1, 'lags': 3}. Best is trial 26 with value: 0.0046374697798894065.
Trial 28 finished with value: 0.0063377074048928585 and parameters: {'learning_rate': 0.24218561622952167, 'colsample_bytree': 0.4291535939790801, 'subsample': 0.36972038808136176, 'min_data_in_leaf': 21, 'lags': 3}. Best is trial 26 with value: 0.0046374697798894065.
Trial 29 finished with value: 0.03755673570410532 and parameters: {'learning_rate': 0.01004959361951438, 'colsample_bytree': 0.7376861930082125, 'subsample': 0.06058436091927927, 'min_data_in_leaf': 57, 'lags': 6}. Best is trial 26 with value: 0.0046374697798894065.
Trial 30 finished with value: 0.0038179656235807573 and parameters: {'learning_rate': 0.06772111468187732, 'colsample_bytree': 0.5543270812064436, 'subsample': 0.7180818694030187, 'min_data_in_leaf': 97, 'lags': 5}. Best is trial 30 with value: 0.0038179656235807573.
Trial 31 finished with value: 0.005129277634827438 and parameters: {'learning_rate': 0.07746165999722254, 'colsample_bytree': 0.5504242819878636, 'subsample': 0.7194047772651508, 'min_data_in_leaf': 96, 'lags': 5}. Best is trial 30 with value: 0.0038179656235807573.
Trial 32 finished with value: 0.006460006953884548 and parameters: {'learning_rate': 0.15793723033466822, 'colsample_bytree': 0.6197873256037412, 'subsample': 0.8123256786803041, 'min_data_in_leaf': 88, 'lags': 2}. Best is trial 30 with value: 0.0038179656235807573.
Trial 33 finished with value: 0.0047218598809178084 and parameters: {'learning_rate': 0.05923931330122441, 'colsample_bytree': 0.5219807055547813, 'subsample': 0.6183047742427199, 'min_data_in_leaf': 82, 'lags': 6}. Best is trial 30 with value: 0.0038179656235807573.
Trial 34 finished with value: 0.005524185758128431 and parameters: {'learning_rate': 0.047718727808332306, 'colsample_bytree': 0.5166892261996697, 'subsample': 0.6902716058660836, 'min_data_in_leaf': 82, 'lags': 5}. Best is trial 30 with value: 0.0038179656235807573.
Trial 35 finished with value: 0.021500360504701423 and parameters: {'learning_rate': 0.016738297729370966, 'colsample_bytree': 0.3876387325148828, 'subsample': 0.6261770907648084, 'min_data_in_leaf': 73, 'lags': 6}. Best is trial 30 with value: 0.0038179656235807573.
Trial 36 finished with value: 0.0685521722509077 and parameters: {'learning_rate': 0.004851868766492823, 'colsample_bytree': 0.28103600651653554, 'subsample': 0.7690834852196664, 'min_data_in_leaf': 29, 'lags': 4}. Best is trial 30 with value: 0.0038179656235807573.
Trial 37 finished with value: 0.00546977012553702 and parameters: {'learning_rate': 0.09339185213247875, 'colsample_bytree': 0.5147086351422259, 'subsample': 0.9902504968065986, 'min_data_in_leaf': 82, 'lags': 2}. Best is trial 30 with value: 0.0038179656235807573.
Trial 38 finished with value: 0.008842653583687446 and parameters: {'learning_rate': 0.048818713303264066, 'colsample_bytree': 0.2378515283517355, 'subsample': 0.7024595773653942, 'min_data_in_leaf': 17, 'lags': 7}. Best is trial 30 with value: 0.0038179656235807573.
Trial 39 finished with value: 0.0045967207852487995 and parameters: {'learning_rate': 0.06589469087506679, 'colsample_bytree': 0.43301373385111697, 'subsample': 0.3909674537416408, 'min_data_in_leaf': 73, 'lags': 4}. Best is trial 30 with value: 0.0038179656235807573.
Trial 40 finished with value: 0.004102256046414995 and parameters: {'learning_rate': 0.064291031159939, 'colsample_bytree': 0.3960292200351538, 'subsample': 0.4009160080367792, 'min_data_in_leaf': 72, 'lags': 4}. Best is trial 30 with value: 0.0038179656235807573.
Trial 41 finished with value: 0.007455126565917895 and parameters: {'learning_rate': 0.09631565034260214, 'colsample_bytree': 0.35878841207175843, 'subsample': 0.4168735652553924, 'min_data_in_leaf': 74, 'lags': 4}. Best is trial 30 with value: 0.0038179656235807573.
Trial 42 finished with value: 0.01924759431701631 and parameters: {'learning_rate': 0.03372431140053196, 'colsample_bytree': 0.41402118446787783, 'subsample': 0.28095068617383195, 'min_data_in_leaf': 64, 'lags': 1}. Best is trial 30 with value: 0.0038179656235807573.
Trial 43 finished with value: 0.005215347423123705 and parameters: {'learning_rate': 0.07012782993115438, 'colsample_bytree': 0.4697512595279678, 'subsample': 0.3775866524151362, 'min_data_in_leaf': 76, 'lags': 2}. Best is trial 30 with value: 0.0038179656235807573.
Trial 44 finished with value: 0.021032221287196957 and parameters: {'learning_rate': 0.06155637034281279, 'colsample_bytree': 0.32898346822251834, 'subsample': 0.17527327571597912, 'min_data_in_leaf': 69, 'lags': 4}. Best is trial 30 with value: 0.0038179656235807573.
Trial 45 finished with value: 0.014471772006327193 and parameters: {'learning_rate': 0.03242736854033269, 'colsample_bytree': 0.21380184233703048, 'subsample': 0.4092689746356748, 'min_data_in_leaf': 94, 'lags': 6}. Best is trial 30 with value: 0.0038179656235807573.
Trial 46 finished with value: 0.005627375386337286 and parameters: {'learning_rate': 0.09869065065320784, 'colsample_bytree': 0.46567941382117317, 'subsample': 0.4861836952852546, 'min_data_in_leaf': 85, 'lags': 8}. Best is trial 30 with value: 0.0038179656235807573.
Trial 47 finished with value: 0.00959281828827215 and parameters: {'learning_rate': 0.3846854107748471, 'colsample_bytree': 0.40199005833781243, 'subsample': 0.30304527665461856, 'min_data_in_leaf': 53, 'lags': 5}. Best is trial 30 with value: 0.0038179656235807573.
Trial 48 finished with value: 0.007656401928767693 and parameters: {'learning_rate': 0.18980234466742682, 'colsample_bytree': 0.5334946302355312, 'subsample': 0.5150568108434301, 'min_data_in_leaf': 77, 'lags': 3}. Best is trial 30 with value: 0.0038179656235807573.
Trial 49 finished with value: 0.008768229665627118 and parameters: {'learning_rate': 0.4942794999297697, 'colsample_bytree': 0.2902001098393998, 'subsample': 0.24240125247819266, 'min_data_in_leaf': 45, 'lags': 4}. Best is trial 30 with value: 0.0038179656235807573.
