Trial 82 finished with value: 0.029008259197664303 and parameters: {'learning_rate': 0.05733893965725579, 'colsample_bylevel': 0.6367953727811979, 'subsample': 0.9984409612263045, 'min_data_in_leaf': 76, 'lags': 1}. Best is trial 81 with value: 0.02292309299772639.
Trial 83 finished with value: 0.04796230995147806 and parameters: {'learning_rate': 0.03226685032960331, 'colsample_bylevel': 0.7473329088382339, 'subsample': 0.9732952070738896, 'min_data_in_leaf': 85, 'lags': 10}. Best is trial 81 with value: 0.02292309299772639.
Trial 84 finished with value: 0.04140805914248423 and parameters: {'learning_rate': 0.08313102557964783, 'colsample_bylevel': 0.5300432271748498, 'subsample': 0.9284055921692518, 'min_data_in_leaf': 78, 'lags': 2}. Best is trial 81 with value: 0.02292309299772639.
Trial 85 finished with value: 0.020700233979562117 and parameters: {'learning_rate': 0.033252085649012685, 'colsample_bylevel': 0.6421277168148102, 'subsample': 0.9478980561525057, 'min_data_in_leaf': 91, 'lags': 1}. Best is trial 85 with value: 0.020700233979562117.
Trial 86 finished with value: 0.0407073130777885 and parameters: {'learning_rate': 0.07312107300078367, 'colsample_bylevel': 0.6703632455214233, 'subsample': 0.8829594306878228, 'min_data_in_leaf': 96, 'lags': 2}. Best is trial 85 with value: 0.020700233979562117.
Trial 87 finished with value: 0.03274723291258966 and parameters: {'learning_rate': 0.22930366301367094, 'colsample_bylevel': 0.6431195512945289, 'subsample': 0.8440633147684325, 'min_data_in_leaf': 69, 'lags': 1}. Best is trial 85 with value: 0.020700233979562117.
Trial 88 finished with value: 0.04298497583749971 and parameters: {'learning_rate': 0.18839498158229118, 'colsample_bylevel': 0.7318851423428404, 'subsample': 0.9458857729567243, 'min_data_in_leaf': 90, 'lags': 3}. Best is trial 85 with value: 0.020700233979562117.
Trial 89 finished with value: 0.03391875313560831 and parameters: {'learning_rate': 0.09864384704228346, 'colsample_bylevel': 0.5936149398498727, 'subsample': 0.8977420835654456, 'min_data_in_leaf': 83, 'lags': 4}. Best is trial 85 with value: 0.020700233979562117.
Trial 90 finished with value: 0.03408232724978216 and parameters: {'learning_rate': 0.008919892972548428, 'colsample_bylevel': 0.5413779013563855, 'subsample': 0.8150575846686315, 'min_data_in_leaf': 93, 'lags': 2}. Best is trial 85 with value: 0.020700233979562117.
Trial 91 finished with value: 0.022619502369323436 and parameters: {'learning_rate': 0.03154608304129464, 'colsample_bylevel': 0.6345100554052676, 'subsample': 0.9802171001146582, 'min_data_in_leaf': 74, 'lags': 1}. Best is trial 85 with value: 0.020700233979562117.
Trial 92 finished with value: 0.023811018052214732 and parameters: {'learning_rate': 0.04339406576957494, 'colsample_bylevel': 0.6680038274350748, 'subsample': 0.9479723380404311, 'min_data_in_leaf': 80, 'lags': 1}. Best is trial 85 with value: 0.020700233979562117.
Trial 93 finished with value: 0.028254944636585243 and parameters: {'learning_rate': 0.0459756188233044, 'colsample_bylevel': 0.6782635462053554, 'subsample': 0.9832953265612219, 'min_data_in_leaf': 85, 'lags': 1}. Best is trial 85 with value: 0.020700233979562117.
Trial 94 finished with value: 0.021236230490899042 and parameters: {'learning_rate': 0.030166452422830625, 'colsample_bylevel': 0.6330128667937163, 'subsample': 0.9115150821817479, 'min_data_in_leaf': 80, 'lags': 1}. Best is trial 85 with value: 0.020700233979562117.
Trial 95 finished with value: 0.038229341273130914 and parameters: {'learning_rate': 0.060282250337289615, 'colsample_bylevel': 0.8103978698397039, 'subsample': 0.9436812178503139, 'min_data_in_leaf': 74, 'lags': 2}. Best is trial 85 with value: 0.020700233979562117.
Trial 96 finished with value: 0.023624189832336665 and parameters: {'learning_rate': 0.02700558263299526, 'colsample_bylevel': 0.6520002370205862, 'subsample': 0.854745531250659, 'min_data_in_leaf': 77, 'lags': 1}. Best is trial 85 with value: 0.020700233979562117.
Trial 97 finished with value: 0.027735946106072225 and parameters: {'learning_rate': 0.027057638099410402, 'colsample_bylevel': 0.6376806146701578, 'subsample': 0.9985763209075507, 'min_data_in_leaf': 78, 'lags': 2}. Best is trial 85 with value: 0.020700233979562117.
Trial 98 finished with value: 0.025839387130571063 and parameters: {'learning_rate': 0.04775570615066023, 'colsample_bylevel': 0.6975859338226699, 'subsample': 0.9033346562969767, 'min_data_in_leaf': 81, 'lags': 1}. Best is trial 85 with value: 0.020700233979562117.
Trial 99 finished with value: 0.033015139615119836 and parameters: {'learning_rate': 0.07754269025408084, 'colsample_bylevel': 0.6528878413812657, 'subsample': 0.9600661460888561, 'min_data_in_leaf': 2, 'lags': 3}. Best is trial 85 with value: 0.020700233979562117.
