A new study created in memory with name: cb_opt_fh1
Trial 0 finished with value: 0.06178259547141879 and parameters: {'learning_rate': 0.00438777719072525, 'colsample_bylevel': 0.33380828975267884, 'subsample': 0.10359337014100449, 'min_data_in_leaf': 49, 'lags': 6}. Best is trial 0 with value: 0.06178259547141879.
Trial 1 finished with value: 0.038004182973078324 and parameters: {'learning_rate': 0.39713905888148177, 'colsample_bylevel': 0.32721719106674185, 'subsample': 0.748020571461332, 'min_data_in_leaf': 23, 'lags': 16}. Best is trial 1 with value: 0.038004182973078324.
Trial 2 finished with value: 0.04292427666841694 and parameters: {'learning_rate': 0.025876865585929585, 'colsample_bylevel': 0.520741923071318, 'subsample': 0.6793751937428989, 'min_data_in_leaf': 75, 'lags': 15}. Best is trial 1 with value: 0.038004182973078324.
Trial 3 finished with value: 0.03603035315466595 and parameters: {'learning_rate': 0.12718730138723797, 'colsample_bylevel': 0.5702437593870925, 'subsample': 0.7416232109861707, 'min_data_in_leaf': 80, 'lags': 5}. Best is trial 3 with value: 0.03603035315466595.
Trial 4 finished with value: 0.03660040791437004 and parameters: {'learning_rate': 0.02464224349601706, 'colsample_bylevel': 0.16005472532657733, 'subsample': 0.9953818558227978, 'min_data_in_leaf': 80, 'lags': 13}. Best is trial 3 with value: 0.03603035315466595.
Trial 5 finished with value: 0.041182546891409315 and parameters: {'learning_rate': 0.09245437529620096, 'colsample_bylevel': 0.17188396337672462, 'subsample': 0.7539689405832991, 'min_data_in_leaf': 27, 'lags': 14}. Best is trial 3 with value: 0.03603035315466595.
Trial 6 finished with value: 0.03929527660528183 and parameters: {'learning_rate': 0.18116623787370784, 'colsample_bylevel': 0.37338595473785224, 'subsample': 0.33987425207584665, 'min_data_in_leaf': 8, 'lags': 1}. Best is trial 3 with value: 0.03603035315466595.
Trial 7 finished with value: 0.036302670383532194 and parameters: {'learning_rate': 0.0431300249530729, 'colsample_bylevel': 0.2982623617597218, 'subsample': 0.21427341424089885, 'min_data_in_leaf': 75, 'lags': 4}. Best is trial 3 with value: 0.03603035315466595.
Trial 8 finished with value: 0.047798656628768296 and parameters: {'learning_rate': 0.13970872331173503, 'colsample_bylevel': 0.4852926293847083, 'subsample': 0.42325716541125635, 'min_data_in_leaf': 91, 'lags': 21}. Best is trial 3 with value: 0.03603035315466595.
Trial 9 finished with value: 0.06053018196865358 and parameters: {'learning_rate': 0.2191963872133468, 'colsample_bylevel': 0.9450547780348575, 'subsample': 0.3421068386330857, 'min_data_in_leaf': 87, 'lags': 14}. Best is trial 3 with value: 0.03603035315466595.
Trial 10 finished with value: 0.08158586907711064 and parameters: {'learning_rate': 0.32104593242521523, 'colsample_bylevel': 0.8328853467367642, 'subsample': 0.9093925511314505, 'min_data_in_leaf': 57, 'lags': 9}. Best is trial 3 with value: 0.03603035315466595.
Trial 11 finished with value: 0.059260308314222764 and parameters: {'learning_rate': 0.12340901754983799, 'colsample_bylevel': 0.7028712659527477, 'subsample': 0.08131024809289933, 'min_data_in_leaf': 62, 'lags': 3}. Best is trial 3 with value: 0.03603035315466595.
Trial 12 finished with value: 0.04985674610249212 and parameters: {'learning_rate': 0.28169001256162435, 'colsample_bylevel': 0.610411113471839, 'subsample': 0.5632566884758974, 'min_data_in_leaf': 100, 'lags': 6}. Best is trial 3 with value: 0.03603035315466595.
Trial 13 finished with value: 0.062260019369925354 and parameters: {'learning_rate': 0.4879126177419192, 'colsample_bylevel': 0.0766620652492842, 'subsample': 0.21855218201672794, 'min_data_in_leaf': 71, 'lags': 5}. Best is trial 3 with value: 0.03603035315466595.
Trial 14 finished with value: 0.053816568627704967 and parameters: {'learning_rate': 0.09588670987301565, 'colsample_bylevel': 0.7099465336917297, 'subsample': 0.6068466065109686, 'min_data_in_leaf': 48, 'lags': 9}. Best is trial 3 with value: 0.03603035315466595.
Trial 15 finished with value: 0.04602776875804911 and parameters: {'learning_rate': 0.17560164802796302, 'colsample_bylevel': 0.4366896967963063, 'subsample': 0.45327455686714346, 'min_data_in_leaf': 66, 'lags': 1}. Best is trial 3 with value: 0.03603035315466595.
Trial 16 finished with value: 0.05476401712645753 and parameters: {'learning_rate': 0.06844789112995787, 'colsample_bylevel': 0.24434213813336714, 'subsample': 0.8542142155453913, 'min_data_in_leaf': 38, 'lags': 10}. Best is trial 3 with value: 0.03603035315466595.
Trial 17 finished with value: 0.05018692430224948 and parameters: {'learning_rate': 0.24366465524414285, 'colsample_bylevel': 0.6171118876131668, 'subsample': 0.22876757256626135, 'min_data_in_leaf': 98, 'lags': 4}. Best is trial 3 with value: 0.03603035315466595.
Trial 18 finished with value: 0.06154223524456215 and parameters: {'learning_rate': 0.06097989675745692, 'colsample_bylevel': 0.6172916078124047, 'subsample': 0.6455584625466676, 'min_data_in_leaf': 82, 'lags': 8}. Best is trial 3 with value: 0.03603035315466595.
Trial 19 finished with value: 0.04697665489182288 and parameters: {'learning_rate': 0.16397713771505296, 'colsample_bylevel': 0.7944243879724604, 'subsample': 0.49676587783185905, 'min_data_in_leaf': 71, 'lags': 3}. Best is trial 3 with value: 0.03603035315466595.
Trial 20 finished with value: 0.04983497457641683 and parameters: {'learning_rate': 0.3195042357640584, 'colsample_bylevel': 0.2515088992161247, 'subsample': 0.7992537024294334, 'min_data_in_leaf': 59, 'lags': 6}. Best is trial 3 with value: 0.03603035315466595.
Trial 21 finished with value: 0.051878584892678214 and parameters: {'learning_rate': 0.036474566218901563, 'colsample_bylevel': 0.07145975716214356, 'subsample': 0.9936407736309604, 'min_data_in_leaf': 81, 'lags': 12}. Best is trial 3 with value: 0.03603035315466595.
Trial 22 finished with value: 0.3385248293397981 and parameters: {'learning_rate': 0.00044155226143286624, 'colsample_bylevel': 0.1744143003891917, 'subsample': 0.8903105344035447, 'min_data_in_leaf': 79, 'lags': 18}. Best is trial 3 with value: 0.03603035315466595.
Trial 23 finished with value: 0.03843174478442844 and parameters: {'learning_rate': 0.10735880194767047, 'colsample_bylevel': 0.41794255618413456, 'subsample': 0.9903839311076535, 'min_data_in_leaf': 93, 'lags': 11}. Best is trial 3 with value: 0.03603035315466595.
Trial 24 finished with value: 0.04884685225949922 and parameters: {'learning_rate': 0.056701539982035074, 'colsample_bylevel': 0.18732165076138715, 'subsample': 0.7129474699562419, 'min_data_in_leaf': 87, 'lags': 12}. Best is trial 3 with value: 0.03603035315466595.
Trial 25 finished with value: 0.058240256028670424 and parameters: {'learning_rate': 0.07169789600271755, 'colsample_bylevel': 0.3007148958333532, 'subsample': 0.8115089701269065, 'min_data_in_leaf': 69, 'lags': 8}. Best is trial 3 with value: 0.03603035315466595.
Trial 26 finished with value: 0.06459587700010265 and parameters: {'learning_rate': 0.13565738256537388, 'colsample_bylevel': 0.13993697919505996, 'subsample': 0.18515535044295567, 'min_data_in_leaf': 55, 'lags': 17}. Best is trial 3 with value: 0.03603035315466595.
Trial 27 finished with value: 0.024512844693979886 and parameters: {'learning_rate': 0.2029290268997, 'colsample_bylevel': 0.2530593711190419, 'subsample': 0.9288068382672994, 'min_data_in_leaf': 40, 'lags': 7}. Best is trial 27 with value: 0.024512844693979886.
Trial 28 finished with value: 0.04103994713845568 and parameters: {'learning_rate': 0.21454642843634567, 'colsample_bylevel': 0.44646208796734876, 'subsample': 0.9015051556356747, 'min_data_in_leaf': 38, 'lags': 3}. Best is trial 27 with value: 0.024512844693979886.
Trial 29 finished with value: 0.0409493688478468 and parameters: {'learning_rate': 0.28072103631165257, 'colsample_bylevel': 0.5749155808615067, 'subsample': 0.33446477280316467, 'min_data_in_leaf': 44, 'lags': 7}. Best is trial 27 with value: 0.024512844693979886.
Trial 30 finished with value: 0.06201966063673462 and parameters: {'learning_rate': 0.19657788409324903, 'colsample_bylevel': 0.3822692209569226, 'subsample': 0.164320347866296, 'min_data_in_leaf': 30, 'lags': 5}. Best is trial 27 with value: 0.024512844693979886.
Trial 31 finished with value: 0.038636212440165116 and parameters: {'learning_rate': 0.04191493274170848, 'colsample_bylevel': 0.2427562550784049, 'subsample': 0.9464233085393837, 'min_data_in_leaf': 16, 'lags': 7}. Best is trial 27 with value: 0.024512844693979886.
Trial 32 finished with value: 0.03054113387315297 and parameters: {'learning_rate': 0.019086780397550213, 'colsample_bylevel': 0.31071995897652444, 'subsample': 0.8219562037159139, 'min_data_in_leaf': 76, 'lags': 2}. Best is trial 27 with value: 0.024512844693979886.
Trial 33 finished with value: 0.03801604364268184 and parameters: {'learning_rate': 0.15424564957828896, 'colsample_bylevel': 0.32106902440373075, 'subsample': 0.7977769346854581, 'min_data_in_leaf': 51, 'lags': 1}. Best is trial 27 with value: 0.024512844693979886.
Trial 34 finished with value: 0.03706637585441456 and parameters: {'learning_rate': 0.09354922295710998, 'colsample_bylevel': 0.5241722312554509, 'subsample': 0.7402185906486418, 'min_data_in_leaf': 75, 'lags': 4}. Best is trial 27 with value: 0.024512844693979886.
Trial 35 finished with value: 0.02893739000411084 and parameters: {'learning_rate': 0.013142370072815737, 'colsample_bylevel': 0.301313993457081, 'subsample': 0.6781012019650973, 'min_data_in_leaf': 63, 'lags': 2}. Best is trial 27 with value: 0.024512844693979886.
Trial 36 finished with value: 0.1236696658016081 and parameters: {'learning_rate': 0.002873979380103855, 'colsample_bylevel': 0.36451529493095675, 'subsample': 0.6747632883145465, 'min_data_in_leaf': 63, 'lags': 2}. Best is trial 27 with value: 0.024512844693979886.
Trial 37 finished with value: 0.024980254723844665 and parameters: {'learning_rate': 0.019853710196597874, 'colsample_bylevel': 0.47532537668113795, 'subsample': 0.8318088063923095, 'min_data_in_leaf': 38, 'lags': 2}. Best is trial 27 with value: 0.024512844693979886.
Trial 38 finished with value: 0.056335257490775545 and parameters: {'learning_rate': 0.3974222086119768, 'colsample_bylevel': 0.47451051958808066, 'subsample': 0.8473842178653599, 'min_data_in_leaf': 36, 'lags': 2}. Best is trial 27 with value: 0.024512844693979886.
Trial 39 finished with value: 0.028305907618800575 and parameters: {'learning_rate': 0.02134376208475669, 'colsample_bylevel': 0.25399286033685753, 'subsample': 0.6055401933572827, 'min_data_in_leaf': 44, 'lags': 2}. Best is trial 27 with value: 0.024512844693979886.
Trial 40 finished with value: 0.060903094486806086 and parameters: {'learning_rate': 0.3835380405778847, 'colsample_bylevel': 0.23036067369795074, 'subsample': 0.5966929486659229, 'min_data_in_leaf': 19, 'lags': 1}. Best is trial 27 with value: 0.024512844693979886.
Trial 41 finished with value: 0.031177166656239867 and parameters: {'learning_rate': 0.026607195981289536, 'colsample_bylevel': 0.2827920515002693, 'subsample': 0.7057107971651284, 'min_data_in_leaf': 46, 'lags': 2}. Best is trial 27 with value: 0.024512844693979886.
Trial 42 finished with value: 0.031695450254985685 and parameters: {'learning_rate': 0.019918798993110977, 'colsample_bylevel': 0.3471994978777121, 'subsample': 0.7614057042982821, 'min_data_in_leaf': 30, 'lags': 4}. Best is trial 27 with value: 0.024512844693979886.
Trial 43 finished with value: 0.034301612220675036 and parameters: {'learning_rate': 0.0790408772472922, 'colsample_bylevel': 0.12860009758067878, 'subsample': 0.6421472965970744, 'min_data_in_leaf': 53, 'lags': 2}. Best is trial 27 with value: 0.024512844693979886.
Trial 44 finished with value: 0.029381070253642016 and parameters: {'learning_rate': 0.01698860935802024, 'colsample_bylevel': 0.39174141749574065, 'subsample': 0.9428083068783147, 'min_data_in_leaf': 42, 'lags': 3}. Best is trial 27 with value: 0.024512844693979886.
Trial 45 finished with value: 0.033844867978127795 and parameters: {'learning_rate': 0.05109522413065005, 'colsample_bylevel': 0.39977940834725656, 'subsample': 0.9357951377947467, 'min_data_in_leaf': 40, 'lags': 5}. Best is trial 27 with value: 0.024512844693979886.
Trial 46 finished with value: 0.05095478570085461 and parameters: {'learning_rate': 0.11240000748862698, 'colsample_bylevel': 0.48205026167375653, 'subsample': 0.5158581633251349, 'min_data_in_leaf': 43, 'lags': 3}. Best is trial 27 with value: 0.024512844693979886.
Trial 47 finished with value: 0.03221270631880498 and parameters: {'learning_rate': 0.021559220405872482, 'colsample_bylevel': 0.20646155042268133, 'subsample': 0.8707988619549252, 'min_data_in_leaf': 33, 'lags': 5}. Best is trial 27 with value: 0.024512844693979886.
Trial 48 finished with value: 0.037124876969584296 and parameters: {'learning_rate': 0.04280077208023335, 'colsample_bylevel': 0.3507074460529859, 'subsample': 0.9394160063685756, 'min_data_in_leaf': 49, 'lags': 3}. Best is trial 27 with value: 0.024512844693979886.
Trial 49 finished with value: 0.04166841777928393 and parameters: {'learning_rate': 0.4942794999297697, 'colsample_bylevel': 0.27545579712061363, 'subsample': 0.5454432374022482, 'min_data_in_leaf': 24, 'lags': 7}. Best is trial 27 with value: 0.024512844693979886.
Trial 50 finished with value: 0.042324257631598514 and parameters: {'learning_rate': 0.0810070553744843, 'colsample_bylevel': 0.11198477337344515, 'subsample': 0.7753558615826592, 'min_data_in_leaf': 41, 'lags': 1}. Best is trial 27 with value: 0.024512844693979886.
Trial 51 finished with value: 0.029497920243867815 and parameters: {'learning_rate': 0.01760632388716094, 'colsample_bylevel': 0.3303259751150508, 'subsample': 0.861306825262874, 'min_data_in_leaf': 60, 'lags': 2}. Best is trial 27 with value: 0.024512844693979886.
Trial 52 finished with value: 0.028199172231012103 and parameters: {'learning_rate': 0.010544378964152466, 'colsample_bylevel': 0.3898938082333662, 'subsample': 0.9447552855084098, 'min_data_in_leaf': 61, 'lags': 4}. Best is trial 27 with value: 0.024512844693979886.
Trial 53 finished with value: 0.19076590436897875 and parameters: {'learning_rate': 0.0015103919757495123, 'colsample_bylevel': 0.45305116930997347, 'subsample': 0.9542008097606497, 'min_data_in_leaf': 55, 'lags': 6}. Best is trial 27 with value: 0.024512844693979886.
Trial 54 finished with value: 0.03136667911077335 and parameters: {'learning_rate': 0.043525097554522024, 'colsample_bylevel': 0.5595867011833097, 'subsample': 0.9679321461691003, 'min_data_in_leaf': 66, 'lags': 4}. Best is trial 27 with value: 0.024512844693979886.
Trial 55 finished with value: 0.03970189430756173 and parameters: {'learning_rate': 0.06683359570274311, 'colsample_bylevel': 0.42432652924131053, 'subsample': 0.9047663827003704, 'min_data_in_leaf': 34, 'lags': 3}. Best is trial 27 with value: 0.024512844693979886.
Trial 56 finished with value: 0.03253228768658085 and parameters: {'learning_rate': 0.11621274733040704, 'colsample_bylevel': 0.3773860264152253, 'subsample': 0.9202960948780117, 'min_data_in_leaf': 46, 'lags': 4}. Best is trial 27 with value: 0.024512844693979886.
Trial 57 finished with value: 0.06192623422290525 and parameters: {'learning_rate': 0.4148670617390674, 'colsample_bylevel': 0.20556050780437207, 'subsample': 0.4640728717633399, 'min_data_in_leaf': 51, 'lags': 1}. Best is trial 27 with value: 0.024512844693979886.
Trial 58 finished with value: 0.03050392108835199 and parameters: {'learning_rate': 0.03574887101578558, 'colsample_bylevel': 0.48997136991808343, 'subsample': 0.5993665654027817, 'min_data_in_leaf': 30, 'lags': 5}. Best is trial 27 with value: 0.024512844693979886.
Trial 59 finished with value: 0.04279878540711536 and parameters: {'learning_rate': 0.08864882853034836, 'colsample_bylevel': 0.27018586643811776, 'subsample': 0.8347758125909951, 'min_data_in_leaf': 24, 'lags': 3}. Best is trial 27 with value: 0.024512844693979886.
Trial 60 finished with value: 0.03893494233062329 and parameters: {'learning_rate': 0.05960408936802171, 'colsample_bylevel': 0.9729051352405753, 'subsample': 0.9998717245355845, 'min_data_in_leaf': 58, 'lags': 6}. Best is trial 27 with value: 0.024512844693979886.
Trial 61 finished with value: 0.03000333889366567 and parameters: {'learning_rate': 0.010932337809572368, 'colsample_bylevel': 0.32173335023731386, 'subsample': 0.8867983884043499, 'min_data_in_leaf': 60, 'lags': 2}. Best is trial 27 with value: 0.024512844693979886.
Trial 62 finished with value: 0.029643369560506595 and parameters: {'learning_rate': 0.022157870430760736, 'colsample_bylevel': 0.4006513237043134, 'subsample': 0.8642776778444508, 'min_data_in_leaf': 64, 'lags': 1}. Best is trial 27 with value: 0.024512844693979886.
Trial 63 finished with value: 0.24494703406975424 and parameters: {'learning_rate': 0.0013360318796347068, 'colsample_bylevel': 0.32370235278635295, 'subsample': 0.7286615222579154, 'min_data_in_leaf': 47, 'lags': 2}. Best is trial 27 with value: 0.024512844693979886.
Trial 64 finished with value: 0.033110806718023994 and parameters: {'learning_rate': 0.034114968007336204, 'colsample_bylevel': 0.3518206437593845, 'subsample': 0.7848028584521781, 'min_data_in_leaf': 42, 'lags': 4}. Best is trial 27 with value: 0.024512844693979886.
Trial 65 finished with value: 0.04305447135269468 and parameters: {'learning_rate': 0.3310145103965866, 'colsample_bylevel': 0.2836898446783257, 'subsample': 0.6800258268902881, 'min_data_in_leaf': 69, 'lags': 3}. Best is trial 27 with value: 0.024512844693979886.
Trial 66 finished with value: 0.05584542486543657 and parameters: {'learning_rate': 0.05172132570636136, 'colsample_bylevel': 0.21967201903292155, 'subsample': 0.9643698377703833, 'min_data_in_leaf': 56, 'lags': 9}. Best is trial 27 with value: 0.024512844693979886.
Trial 67 finished with value: 0.053314600608148875 and parameters: {'learning_rate': 0.24822583075736962, 'colsample_bylevel': 0.16367185313204852, 'subsample': 0.8295725381888939, 'min_data_in_leaf': 61, 'lags': 5}. Best is trial 27 with value: 0.024512844693979886.
Trial 68 finished with value: 0.05083475033690556 and parameters: {'learning_rate': 0.09827949170881298, 'colsample_bylevel': 0.4096690171278338, 'subsample': 0.8778956096450635, 'min_data_in_leaf': 38, 'lags': 20}. Best is trial 27 with value: 0.024512844693979886.
Trial 69 finished with value: 0.0451750183486201 and parameters: {'learning_rate': 0.0685552223621696, 'colsample_bylevel': 0.5490650318422149, 'subsample': 0.6333713456837055, 'min_data_in_leaf': 52, 'lags': 2}. Best is trial 27 with value: 0.024512844693979886.
Trial 70 finished with value: 0.038710565139345864 and parameters: {'learning_rate': 0.14877042359347217, 'colsample_bylevel': 0.5059729163089769, 'subsample': 0.9173424753804762, 'min_data_in_leaf': 66, 'lags': 14}. Best is trial 27 with value: 0.024512844693979886.
Trial 71 finished with value: 0.026226667862313757 and parameters: {'learning_rate': 0.017462519568488627, 'colsample_bylevel': 0.3899649310906715, 'subsample': 0.863461381747455, 'min_data_in_leaf': 63, 'lags': 1}. Best is trial 27 with value: 0.024512844693979886.
Trial 72 finished with value: 0.028906437789661298 and parameters: {'learning_rate': 0.01520415999513828, 'colsample_bylevel': 0.45157886465601793, 'subsample': 0.9653450233792693, 'min_data_in_leaf': 72, 'lags': 1}. Best is trial 27 with value: 0.024512844693979886.
Trial 73 finished with value: 0.02345735294459549 and parameters: {'learning_rate': 0.03186513313985424, 'colsample_bylevel': 0.4430436550822099, 'subsample': 0.9720554028503388, 'min_data_in_leaf': 73, 'lags': 1}. Best is trial 73 with value: 0.02345735294459549.
Trial 74 finished with value: 0.028203211500362528 and parameters: {'learning_rate': 0.033883501679961285, 'colsample_bylevel': 0.45687200079878443, 'subsample': 0.96951495306753, 'min_data_in_leaf': 73, 'lags': 1}. Best is trial 73 with value: 0.02345735294459549.
Trial 75 finished with value: 0.028948744406119366 and parameters: {'learning_rate': 0.04746474981991779, 'colsample_bylevel': 0.44823057471559524, 'subsample': 0.9813555116714907, 'min_data_in_leaf': 72, 'lags': 1}. Best is trial 73 with value: 0.02345735294459549.
Trial 76 finished with value: 0.02412393182321625 and parameters: {'learning_rate': 0.031414258971240484, 'colsample_bylevel': 0.5347625956698958, 'subsample': 0.9696867640131842, 'min_data_in_leaf': 78, 'lags': 1}. Best is trial 73 with value: 0.02345735294459549.
Trial 77 finished with value: 0.039791551017409964 and parameters: {'learning_rate': 0.4603901628454348, 'colsample_bylevel': 0.5059521276009603, 'subsample': 0.30097564867423554, 'min_data_in_leaf': 88, 'lags': 1}. Best is trial 73 with value: 0.02345735294459549.
Trial 78 finished with value: 0.026338993387154147 and parameters: {'learning_rate': 0.03371967602885496, 'colsample_bylevel': 0.5923772720196551, 'subsample': 0.9213051280715819, 'min_data_in_leaf': 80, 'lags': 1}. Best is trial 73 with value: 0.02345735294459549.
Trial 79 finished with value: 0.038731333468507684 and parameters: {'learning_rate': 0.1292040500654436, 'colsample_bylevel': 0.6768592141218748, 'subsample': 0.9217098901466476, 'min_data_in_leaf': 83, 'lags': 3}. Best is trial 73 with value: 0.02345735294459549.
Trial 80 finished with value: 0.032789963499302945 and parameters: {'learning_rate': 0.27257974684470865, 'colsample_bylevel': 0.589210364195302, 'subsample': 0.9003821201429316, 'min_data_in_leaf': 78, 'lags': 1}. Best is trial 73 with value: 0.02345735294459549.
Trial 81 finished with value: 0.02292309299772639 and parameters: {'learning_rate': 0.03128368698707523, 'colsample_bylevel': 0.6495462557494948, 'subsample': 0.9774869361271287, 'min_data_in_leaf': 75, 'lags': 1}. Best is trial 81 with value: 0.02292309299772639.
