Trial 82 finished with value: 0.02355807675962531 and parameters: {'learning_rate': 0.4198371128434881, 'colsample_bytree': 0.2700888044465144, 'subsample': 0.45261580127162054, 'min_data_in_leaf': 81, 'lags': 8}. Best is trial 81 with value: 0.01884613511154009.
Trial 83 finished with value: 0.0726412292841498 and parameters: {'learning_rate': 0.38269571723307405, 'colsample_bytree': 0.3747656082133484, 'subsample': 0.22579020223637514, 'min_data_in_leaf': 85, 'lags': 6}. Best is trial 81 with value: 0.01884613511154009.
Trial 84 finished with value: 0.02595461472464782 and parameters: {'learning_rate': 0.448041334798729, 'colsample_bytree': 0.34295237293938724, 'subsample': 0.49371353058606016, 'min_data_in_leaf': 78, 'lags': 5}. Best is trial 81 with value: 0.01884613511154009.
Trial 85 finished with value: 0.09437271203345624 and parameters: {'learning_rate': 0.36573933584165863, 'colsample_bytree': 0.0695206634215765, 'subsample': 0.3808553259981756, 'min_data_in_leaf': 88, 'lags': 9}. Best is trial 81 with value: 0.01884613511154009.
Trial 86 finished with value: 0.03238585926069408 and parameters: {'learning_rate': 0.49975353162487807, 'colsample_bytree': 0.5586712463570871, 'subsample': 0.4216429884982379, 'min_data_in_leaf': 93, 'lags': 7}. Best is trial 81 with value: 0.01884613511154009.
Trial 87 finished with value: 0.03645393316991028 and parameters: {'learning_rate': 0.344660891850091, 'colsample_bytree': 0.6078615398887458, 'subsample': 0.5608206427954505, 'min_data_in_leaf': 74, 'lags': 8}. Best is trial 81 with value: 0.01884613511154009.
Trial 88 finished with value: 0.03019315070585348 and parameters: {'learning_rate': 0.3237784725228263, 'colsample_bytree': 0.20503261219858715, 'subsample': 0.47627836582720134, 'min_data_in_leaf': 86, 'lags': 11}. Best is trial 81 with value: 0.01884613511154009.
Trial 89 finished with value: 0.027305605645604514 and parameters: {'learning_rate': 0.418841826168863, 'colsample_bytree': 0.6581368335398359, 'subsample': 0.5384855995678397, 'min_data_in_leaf': 97, 'lags': 4}. Best is trial 81 with value: 0.01884613511154009.
Trial 90 finished with value: 0.06832073496949953 and parameters: {'learning_rate': 0.39409635984929303, 'colsample_bytree': 0.11611990974650709, 'subsample': 0.6044806363865749, 'min_data_in_leaf': 92, 'lags': 6}. Best is trial 81 with value: 0.01884613511154009.
Trial 91 finished with value: 0.02840479703065657 and parameters: {'learning_rate': 0.14095692728020034, 'colsample_bytree': 0.42591912650757, 'subsample': 0.4662802027206199, 'min_data_in_leaf': 71, 'lags': 7}. Best is trial 81 with value: 0.01884613511154009.
Trial 92 finished with value: 0.022320130072364424 and parameters: {'learning_rate': 0.24313176838723863, 'colsample_bytree': 0.42656049671491164, 'subsample': 0.5070608948594816, 'min_data_in_leaf': 61, 'lags': 5}. Best is trial 81 with value: 0.01884613511154009.
Trial 93 finished with value: 0.019863895781400447 and parameters: {'learning_rate': 0.25607268657018817, 'colsample_bytree': 0.506215328077721, 'subsample': 0.510984487381502, 'min_data_in_leaf': 60, 'lags': 5}. Best is trial 81 with value: 0.01884613511154009.
Trial 94 finished with value: 0.024989302103808227 and parameters: {'learning_rate': 0.24290628579385906, 'colsample_bytree': 0.4549848359353855, 'subsample': 0.5150255714763501, 'min_data_in_leaf': 59, 'lags': 3}. Best is trial 81 with value: 0.01884613511154009.
Trial 95 finished with value: 0.029483999062217974 and parameters: {'learning_rate': 0.17695149705083518, 'colsample_bytree': 0.5086935921761114, 'subsample': 0.5885453467671833, 'min_data_in_leaf': 47, 'lags': 5}. Best is trial 81 with value: 0.01884613511154009.
Trial 96 finished with value: 0.01943244074434161 and parameters: {'learning_rate': 0.25949734942553176, 'colsample_bytree': 0.46378810663003467, 'subsample': 0.5296812251298675, 'min_data_in_leaf': 63, 'lags': 5}. Best is trial 81 with value: 0.01884613511154009.
Trial 97 finished with value: 0.022302332569240822 and parameters: {'learning_rate': 0.2550290026023068, 'colsample_bytree': 0.39074242038799467, 'subsample': 0.5640410129104265, 'min_data_in_leaf': 61, 'lags': 5}. Best is trial 81 with value: 0.01884613511154009.
Trial 98 finished with value: 0.021836194395579753 and parameters: {'learning_rate': 0.26123343221929407, 'colsample_bytree': 0.3819998331485098, 'subsample': 0.5598639133426756, 'min_data_in_leaf': 61, 'lags': 4}. Best is trial 81 with value: 0.01884613511154009.
Trial 99 finished with value: 0.03796045909676056 and parameters: {'learning_rate': 0.26529686015321613, 'colsample_bytree': 0.46840033645636414, 'subsample': 0.5596374215810161, 'min_data_in_leaf': 52, 'lags': 2}. Best is trial 81 with value: 0.01884613511154009.
