A new study created in memory with name: lgbm_opt_fh1
Trial 0 finished with value: 0.18895958532980045 and parameters: {'learning_rate': 0.00438777719072525, 'colsample_bytree': 0.33380828975267884, 'subsample': 0.10359337014100449, 'min_data_in_leaf': 49, 'lags': 6}. Best is trial 0 with value: 0.18895958532980045.
Trial 1 finished with value: 0.038063630397134535 and parameters: {'learning_rate': 0.39713905888148177, 'colsample_bytree': 0.32721719106674185, 'subsample': 0.748020571461332, 'min_data_in_leaf': 23, 'lags': 16}. Best is trial 1 with value: 0.038063630397134535.
Trial 2 finished with value: 0.04174101800326611 and parameters: {'learning_rate': 0.025876865585929585, 'colsample_bytree': 0.520741923071318, 'subsample': 0.6793751937428989, 'min_data_in_leaf': 75, 'lags': 15}. Best is trial 1 with value: 0.038063630397134535.
Trial 3 finished with value: 0.023078882309344115 and parameters: {'learning_rate': 0.12718730138723797, 'colsample_bytree': 0.5702437593870925, 'subsample': 0.7416232109861707, 'min_data_in_leaf': 80, 'lags': 5}. Best is trial 3 with value: 0.023078882309344115.
Trial 4 finished with value: 0.03996252444112403 and parameters: {'learning_rate': 0.02464224349601706, 'colsample_bytree': 0.16005472532657733, 'subsample': 0.9953818558227978, 'min_data_in_leaf': 80, 'lags': 13}. Best is trial 3 with value: 0.023078882309344115.
Trial 5 finished with value: 0.04539604984356251 and parameters: {'learning_rate': 0.09245437529620096, 'colsample_bytree': 0.17188396337672462, 'subsample': 0.7539689405832991, 'min_data_in_leaf': 27, 'lags': 14}. Best is trial 3 with value: 0.023078882309344115.
Trial 6 finished with value: 0.0291046479474391 and parameters: {'learning_rate': 0.18116623787370784, 'colsample_bytree': 0.37338595473785224, 'subsample': 0.33987425207584665, 'min_data_in_leaf': 8, 'lags': 1}. Best is trial 3 with value: 0.023078882309344115.
Trial 7 finished with value: 0.10387548941929141 and parameters: {'learning_rate': 0.0431300249530729, 'colsample_bytree': 0.2982623617597218, 'subsample': 0.21427341424089885, 'min_data_in_leaf': 75, 'lags': 4}. Best is trial 3 with value: 0.023078882309344115.
Trial 8 finished with value: 0.03709243148610066 and parameters: {'learning_rate': 0.13970872331173503, 'colsample_bytree': 0.4852926293847083, 'subsample': 0.42325716541125635, 'min_data_in_leaf': 91, 'lags': 21}. Best is trial 3 with value: 0.023078882309344115.
Trial 9 finished with value: 0.035795988042248095 and parameters: {'learning_rate': 0.2191963872133468, 'colsample_bytree': 0.9450547780348575, 'subsample': 0.3421068386330857, 'min_data_in_leaf': 87, 'lags': 14}. Best is trial 3 with value: 0.023078882309344115.
Trial 10 finished with value: 0.11809203248028008 and parameters: {'learning_rate': 0.32104593242521523, 'colsample_bytree': 0.8328853467367642, 'subsample': 0.9093925511314505, 'min_data_in_leaf': 57, 'lags': 9}. Best is trial 3 with value: 0.023078882309344115.
Trial 11 finished with value: 0.06169144206693903 and parameters: {'learning_rate': 0.1865583748826749, 'colsample_bytree': 0.7350970387923278, 'subsample': 0.5553582598016067, 'min_data_in_leaf': 4, 'lags': 1}. Best is trial 3 with value: 0.023078882309344115.
Trial 12 finished with value: 0.03292578980083318 and parameters: {'learning_rate': 0.2894058840190151, 'colsample_bytree': 0.6524845062305218, 'subsample': 0.5508463875342894, 'min_data_in_leaf': 52, 'lags': 1}. Best is trial 3 with value: 0.023078882309344115.
Trial 13 finished with value: 0.10830244622927317 and parameters: {'learning_rate': 0.4879126177419192, 'colsample_bytree': 0.6349774866217466, 'subsample': 0.26403936412877144, 'min_data_in_leaf': 5, 'lags': 6}. Best is trial 3 with value: 0.023078882309344115.
Trial 14 finished with value: 0.02810847838165423 and parameters: {'learning_rate': 0.13403259263104933, 'colsample_bytree': 0.4289256269084999, 'subsample': 0.45248110363819183, 'min_data_in_leaf': 35, 'lags': 4}. Best is trial 3 with value: 0.023078882309344115.
Trial 15 finished with value: 0.0801425836963333 and parameters: {'learning_rate': 0.12823606256140704, 'colsample_bytree': 0.45858885841386177, 'subsample': 0.653608009267521, 'min_data_in_leaf': 35, 'lags': 9}. Best is trial 3 with value: 0.023078882309344115.
Trial 16 finished with value: 0.06908029818222486 and parameters: {'learning_rate': 0.26215577630734244, 'colsample_bytree': 0.054169303659693746, 'subsample': 0.8542142155453913, 'min_data_in_leaf': 99, 'lags': 5}. Best is trial 3 with value: 0.023078882309344115.
Trial 17 finished with value: 0.029542243090455146 and parameters: {'learning_rate': 0.09607229485910737, 'colsample_bytree': 0.6171118876131668, 'subsample': 0.44375853575616436, 'min_data_in_leaf': 63, 'lags': 9}. Best is trial 3 with value: 0.023078882309344115.
Trial 18 finished with value: 0.03880415320266023 and parameters: {'learning_rate': 0.35215149193714645, 'colsample_bytree': 0.8207114246040078, 'subsample': 0.607658756857046, 'min_data_in_leaf': 39, 'lags': 3}. Best is trial 3 with value: 0.023078882309344115.
Trial 19 finished with value: 0.023475208687969873 and parameters: {'learning_rate': 0.22060273595757007, 'colsample_bytree': 0.415913947947379, 'subsample': 0.4667906848807409, 'min_data_in_leaf': 65, 'lags': 7}. Best is trial 3 with value: 0.023078882309344115.
Trial 20 finished with value: 0.04194430820474472 and parameters: {'learning_rate': 0.2229349747616036, 'colsample_bytree': 0.5772486265213481, 'subsample': 0.7992537024294334, 'min_data_in_leaf': 66, 'lags': 7}. Best is trial 3 with value: 0.023078882309344115.
Trial 21 finished with value: 0.02859117666972587 and parameters: {'learning_rate': 0.17419842293984678, 'colsample_bytree': 0.44624503238468705, 'subsample': 0.5161102407217868, 'min_data_in_leaf': 42, 'lags': 3}. Best is trial 3 with value: 0.023078882309344115.
Trial 22 finished with value: 0.031244729843760095 and parameters: {'learning_rate': 0.09116308273938648, 'colsample_bytree': 0.4079152746823798, 'subsample': 0.44665513073743135, 'min_data_in_leaf': 70, 'lags': 11}. Best is trial 3 with value: 0.023078882309344115.
Trial 23 finished with value: 0.04272643631604006 and parameters: {'learning_rate': 0.131169447259193, 'colsample_bytree': 0.2209098563563897, 'subsample': 0.35479184802578034, 'min_data_in_leaf': 20, 'lags': 7}. Best is trial 3 with value: 0.023078882309344115.
Trial 24 finished with value: 0.02756116431825994 and parameters: {'learning_rate': 0.2297082102626308, 'colsample_bytree': 0.5436751543612153, 'subsample': 0.6442052939455961, 'min_data_in_leaf': 58, 'lags': 4}. Best is trial 3 with value: 0.023078882309344115.
Trial 25 finished with value: 0.04921749043154035 and parameters: {'learning_rate': 0.23787599956605668, 'colsample_bytree': 0.7239613669255847, 'subsample': 0.6983178830561204, 'min_data_in_leaf': 59, 'lags': 11}. Best is trial 3 with value: 0.023078882309344115.
Trial 26 finished with value: 0.046215777162315966 and parameters: {'learning_rate': 0.2734681421736811, 'colsample_bytree': 0.5856750765677928, 'subsample': 0.8794508748302998, 'min_data_in_leaf': 86, 'lags': 8}. Best is trial 3 with value: 0.023078882309344115.
Trial 27 finished with value: 0.03650383656734523 and parameters: {'learning_rate': 0.37929865975095367, 'colsample_bytree': 0.527118035276552, 'subsample': 0.6152993370949444, 'min_data_in_leaf': 49, 'lags': 5}. Best is trial 3 with value: 0.023078882309344115.
Trial 28 finished with value: 0.02854117642186384 and parameters: {'learning_rate': 0.3071790031043099, 'colsample_bytree': 0.69499212469001, 'subsample': 0.5239168903429645, 'min_data_in_leaf': 97, 'lags': 3}. Best is trial 3 with value: 0.023078882309344115.
Trial 29 finished with value: 0.15763015041752562 and parameters: {'learning_rate': 0.1874552903556507, 'colsample_bytree': 0.28077046463802935, 'subsample': 0.06058436091927927, 'min_data_in_leaf': 48, 'lags': 6}. Best is trial 3 with value: 0.023078882309344115.
Trial 30 finished with value: 0.051983401831205346 and parameters: {'learning_rate': 0.21647274088785035, 'colsample_bytree': 0.5271071816166922, 'subsample': 0.8035984628350861, 'min_data_in_leaf': 78, 'lags': 10}. Best is trial 3 with value: 0.023078882309344115.
Trial 31 finished with value: 0.06747382306903167 and parameters: {'learning_rate': 0.1604626690358055, 'colsample_bytree': 0.40307419578505466, 'subsample': 0.16562393506792578, 'min_data_in_leaf': 56, 'lags': 4}. Best is trial 3 with value: 0.023078882309344115.
Trial 32 finished with value: 0.027310705009112958 and parameters: {'learning_rate': 0.0603768461686406, 'colsample_bytree': 0.39696903592295013, 'subsample': 0.47857970924722915, 'min_data_in_leaf': 65, 'lags': 5}. Best is trial 3 with value: 0.023078882309344115.
Trial 33 finished with value: 0.030121001982873492 and parameters: {'learning_rate': 0.06006870664946212, 'colsample_bytree': 0.3514796383295647, 'subsample': 0.6183047742427199, 'min_data_in_leaf': 69, 'lags': 2}. Best is trial 3 with value: 0.023078882309344115.
Trial 34 finished with value: 0.029516413682789327 and parameters: {'learning_rate': 0.0766126601028263, 'colsample_bytree': 0.5512123032806548, 'subsample': 0.7277014147744802, 'min_data_in_leaf': 63, 'lags': 7}. Best is trial 3 with value: 0.023078882309344115.
Trial 35 finished with value: 0.01932618019934499 and parameters: {'learning_rate': 0.44172329819722866, 'colsample_bytree': 0.48523210586688187, 'subsample': 0.4886182932431703, 'min_data_in_leaf': 74, 'lags': 5}. Best is trial 35 with value: 0.01932618019934499.
Trial 36 finished with value: 0.03203025192212989 and parameters: {'learning_rate': 0.4401276826747832, 'colsample_bytree': 0.266243498499317, 'subsample': 0.3802678058163683, 'min_data_in_leaf': 73, 'lags': 17}. Best is trial 35 with value: 0.01932618019934499.
Trial 37 finished with value: 0.05482598459092741 and parameters: {'learning_rate': 0.017852574034408944, 'colsample_bytree': 0.33088177883625525, 'subsample': 0.4976980287407822, 'min_data_in_leaf': 83, 'lags': 5}. Best is trial 35 with value: 0.01932618019934499.
Trial 38 finished with value: 0.04295433112982412 and parameters: {'learning_rate': 0.4252045323208903, 'colsample_bytree': 0.484097511939113, 'subsample': 0.28859662471460845, 'min_data_in_leaf': 79, 'lags': 6}. Best is trial 35 with value: 0.01932618019934499.
Trial 39 finished with value: 0.12290161069160814 and parameters: {'learning_rate': 0.003842456526338432, 'colsample_bytree': 0.38975092938968314, 'subsample': 0.4021030090565085, 'min_data_in_leaf': 91, 'lags': 12}. Best is trial 35 with value: 0.01932618019934499.
Trial 40 finished with value: 0.030694907256073312 and parameters: {'learning_rate': 0.10564288553505613, 'colsample_bytree': 0.47908017091291394, 'subsample': 0.5785322043073896, 'min_data_in_leaf': 73, 'lags': 8}. Best is trial 35 with value: 0.01932618019934499.
Trial 41 finished with value: 0.027890304116984406 and parameters: {'learning_rate': 0.33617988665641496, 'colsample_bytree': 0.5264881846971357, 'subsample': 0.6758049647000184, 'min_data_in_leaf': 62, 'lags': 5}. Best is trial 35 with value: 0.01932618019934499.
Trial 42 finished with value: 0.04270246703815224 and parameters: {'learning_rate': 0.03984386264125031, 'colsample_bytree': 0.36062924603115826, 'subsample': 0.4840407242067188, 'min_data_in_leaf': 69, 'lags': 2}. Best is trial 35 with value: 0.01932618019934499.
Trial 43 finished with value: 0.04837940589858864 and parameters: {'learning_rate': 0.49701220644257343, 'colsample_bytree': 0.5913956846346563, 'subsample': 0.779359293745364, 'min_data_in_leaf': 54, 'lags': 2}. Best is trial 35 with value: 0.01932618019934499.
Trial 44 finished with value: 0.05339064326520628 and parameters: {'learning_rate': 0.2095478416763589, 'colsample_bytree': 0.6790903082156938, 'subsample': 0.9938457740953499, 'min_data_in_leaf': 76, 'lags': 4}. Best is trial 35 with value: 0.01932618019934499.
Trial 45 finished with value: 0.024571471949035223 and parameters: {'learning_rate': 0.15676170008717527, 'colsample_bytree': 0.4924037936757866, 'subsample': 0.5745067816730483, 'min_data_in_leaf': 83, 'lags': 6}. Best is trial 35 with value: 0.01932618019934499.
Trial 46 finished with value: 0.05199645249645103 and parameters: {'learning_rate': 0.15920328869212386, 'colsample_bytree': 0.23929362216785988, 'subsample': 0.2963743639686689, 'min_data_in_leaf': 82, 'lags': 8}. Best is trial 35 with value: 0.01932618019934499.
Trial 47 finished with value: 0.03147517765959644 and parameters: {'learning_rate': 0.11145251004248674, 'colsample_bytree': 0.4453280755480147, 'subsample': 0.5759292546975596, 'min_data_in_leaf': 92, 'lags': 21}. Best is trial 35 with value: 0.01932618019934499.
Trial 48 finished with value: 0.0377755244052662 and parameters: {'learning_rate': 0.1907137156177786, 'colsample_bytree': 0.4867885565908943, 'subsample': 0.4764016683702146, 'min_data_in_leaf': 86, 'lags': 18}. Best is trial 35 with value: 0.01932618019934499.
Trial 49 finished with value: 0.038601255196823045 and parameters: {'learning_rate': 0.06940344273522175, 'colsample_bytree': 0.7973592365793204, 'subsample': 0.4107170343213983, 'min_data_in_leaf': 67, 'lags': 6}. Best is trial 35 with value: 0.01932618019934499.
Trial 50 finished with value: 0.02139614643152129 and parameters: {'learning_rate': 0.15092593846382665, 'colsample_bytree': 0.3158112185659342, 'subsample': 0.5399472050504791, 'min_data_in_leaf': 92, 'lags': 7}. Best is trial 35 with value: 0.01932618019934499.
Trial 51 finished with value: 0.02358299899351435 and parameters: {'learning_rate': 0.15446966279466767, 'colsample_bytree': 0.17180648149021144, 'subsample': 0.5511884804353465, 'min_data_in_leaf': 93, 'lags': 7}. Best is trial 35 with value: 0.01932618019934499.
Trial 52 finished with value: 0.02542692866451905 and parameters: {'learning_rate': 0.1544974752421595, 'colsample_bytree': 0.14011409141350445, 'subsample': 0.5804865750659253, 'min_data_in_leaf': 97, 'lags': 7}. Best is trial 35 with value: 0.01932618019934499.
Trial 53 finished with value: 0.03125145125675556 and parameters: {'learning_rate': 0.20060611899564573, 'colsample_bytree': 0.12097645946909003, 'subsample': 0.5405880147719484, 'min_data_in_leaf': 91, 'lags': 10}. Best is trial 35 with value: 0.01932618019934499.
Trial 54 finished with value: 0.021089554750577444 and parameters: {'learning_rate': 0.24784397429655075, 'colsample_bytree': 0.19533161595684279, 'subsample': 0.5214011452099865, 'min_data_in_leaf': 93, 'lags': 8}. Best is trial 35 with value: 0.01932618019934499.
Trial 55 finished with value: 0.023480181620147318 and parameters: {'learning_rate': 0.2763134887031845, 'colsample_bytree': 0.18263122510118437, 'subsample': 0.723927783481614, 'min_data_in_leaf': 100, 'lags': 9}. Best is trial 35 with value: 0.01932618019934499.
Trial 56 finished with value: 0.029987263368593413 and parameters: {'learning_rate': 0.26270984752550747, 'colsample_bytree': 0.21866368791908786, 'subsample': 0.7316863544397172, 'min_data_in_leaf': 88, 'lags': 9}. Best is trial 35 with value: 0.01932618019934499.
Trial 57 finished with value: 0.07405437140986662 and parameters: {'learning_rate': 0.2467225184100232, 'colsample_bytree': 0.05222623197057519, 'subsample': 0.8266755818864361, 'min_data_in_leaf': 99, 'lags': 8}. Best is trial 35 with value: 0.01932618019934499.
Trial 58 finished with value: 0.034409359110754975 and parameters: {'learning_rate': 0.28232453377795935, 'colsample_bytree': 0.3140588862328635, 'subsample': 0.6721530574451112, 'min_data_in_leaf': 94, 'lags': 10}. Best is trial 35 with value: 0.01932618019934499.
Trial 59 finished with value: 0.031220167533694287 and parameters: {'learning_rate': 0.30509196168508246, 'colsample_bytree': 0.09528447783829767, 'subsample': 0.7086743355240784, 'min_data_in_leaf': 100, 'lags': 13}. Best is trial 35 with value: 0.01932618019934499.
Trial 60 finished with value: 0.05703068112601167 and parameters: {'learning_rate': 0.36482192119274226, 'colsample_bytree': 0.20963760243071294, 'subsample': 0.9187097486344198, 'min_data_in_leaf': 87, 'lags': 9}. Best is trial 35 with value: 0.01932618019934499.
Trial 61 finished with value: 0.030629151631395686 and parameters: {'learning_rate': 0.11797371834830453, 'colsample_bytree': 0.18775263793225308, 'subsample': 0.520051740273533, 'min_data_in_leaf': 95, 'lags': 7}. Best is trial 35 with value: 0.01932618019934499.
Trial 62 finished with value: 0.020863378482768244 and parameters: {'learning_rate': 0.47205696278268305, 'colsample_bytree': 0.17702582967154054, 'subsample': 0.4635416116626623, 'min_data_in_leaf': 89, 'lags': 8}. Best is trial 35 with value: 0.01932618019934499.
Trial 63 finished with value: 0.02968017683434168 and parameters: {'learning_rate': 0.4375765627580849, 'colsample_bytree': 0.9962020807626373, 'subsample': 0.4570023452951565, 'min_data_in_leaf': 82, 'lags': 8}. Best is trial 35 with value: 0.01932618019934499.
Trial 64 finished with value: 0.030488688454079392 and parameters: {'learning_rate': 0.4635084520242273, 'colsample_bytree': 0.26002956121724585, 'subsample': 0.3714999745483601, 'min_data_in_leaf': 89, 'lags': 10}. Best is trial 35 with value: 0.01932618019934499.
Trial 65 finished with value: 0.06891169250815452 and parameters: {'learning_rate': 0.4823956828127384, 'colsample_bytree': 0.0910488040612431, 'subsample': 0.6375964163267634, 'min_data_in_leaf': 76, 'lags': 9}. Best is trial 35 with value: 0.01932618019934499.
Trial 66 finished with value: 0.028869032537793916 and parameters: {'learning_rate': 0.4690237729833811, 'colsample_bytree': 0.29197234156368645, 'subsample': 0.4333990045012786, 'min_data_in_leaf': 96, 'lags': 12}. Best is trial 35 with value: 0.01932618019934499.
Trial 67 finished with value: 0.021216134610528896 and parameters: {'learning_rate': 0.38994640096193056, 'colsample_bytree': 0.1499289658686623, 'subsample': 0.496517158891379, 'min_data_in_leaf': 85, 'lags': 8}. Best is trial 35 with value: 0.01932618019934499.
Trial 68 finished with value: 0.02238646989978383 and parameters: {'learning_rate': 0.3979528609122263, 'colsample_bytree': 0.14247224713783727, 'subsample': 0.503394111151654, 'min_data_in_leaf': 72, 'lags': 6}. Best is trial 35 with value: 0.01932618019934499.
Trial 69 finished with value: 0.07608947002019335 and parameters: {'learning_rate': 0.42985845454728094, 'colsample_bytree': 0.14336098353815876, 'subsample': 0.5047356957883614, 'min_data_in_leaf': 85, 'lags': 4}. Best is trial 35 with value: 0.01932618019934499.
Trial 70 finished with value: 0.035328456089576396 and parameters: {'learning_rate': 0.40445540992915874, 'colsample_bytree': 0.23843335549513955, 'subsample': 0.3302771012985979, 'min_data_in_leaf': 79, 'lags': 6}. Best is trial 35 with value: 0.01932618019934499.
Trial 71 finished with value: 0.07754171005344598 and parameters: {'learning_rate': 0.3963611086878682, 'colsample_bytree': 0.09287727419484454, 'subsample': 0.46540713684222745, 'min_data_in_leaf': 71, 'lags': 5}. Best is trial 35 with value: 0.01932618019934499.
Trial 72 finished with value: 0.0245901753641194 and parameters: {'learning_rate': 0.40828382795368895, 'colsample_bytree': 0.13319194648566499, 'subsample': 0.3992725470930266, 'min_data_in_leaf': 73, 'lags': 7}. Best is trial 35 with value: 0.01932618019934499.
Trial 73 finished with value: 0.026653404920053404 and parameters: {'learning_rate': 0.45016332276417387, 'colsample_bytree': 0.31560594775284695, 'subsample': 0.5228985002675319, 'min_data_in_leaf': 80, 'lags': 8}. Best is trial 35 with value: 0.01932618019934499.
Trial 74 finished with value: 0.023392539659073414 and parameters: {'learning_rate': 0.38522090733315506, 'colsample_bytree': 0.16304705499633437, 'subsample': 0.4413396650347063, 'min_data_in_leaf': 89, 'lags': 6}. Best is trial 35 with value: 0.01932618019934499.
Trial 75 finished with value: 0.09138799108286981 and parameters: {'learning_rate': 0.3660242752230055, 'colsample_bytree': 0.15771334332677753, 'subsample': 0.43654765558435493, 'min_data_in_leaf': 89, 'lags': 3}. Best is trial 35 with value: 0.01932618019934499.
Trial 76 finished with value: 0.054796462842411776 and parameters: {'learning_rate': 0.3860759512528499, 'colsample_bytree': 0.19603906453762482, 'subsample': 0.4987954823116538, 'min_data_in_leaf': 22, 'lags': 5}. Best is trial 35 with value: 0.01932618019934499.
Trial 77 finished with value: 0.09733630578765415 and parameters: {'learning_rate': 0.4097520711521442, 'colsample_bytree': 0.0839749444223862, 'subsample': 0.34033178075393905, 'min_data_in_leaf': 90, 'lags': 6}. Best is trial 35 with value: 0.01932618019934499.
Trial 78 finished with value: 0.07510154607513977 and parameters: {'learning_rate': 0.3376290390973653, 'colsample_bytree': 0.1126092308856616, 'subsample': 0.5439922756025781, 'min_data_in_leaf': 84, 'lags': 4}. Best is trial 35 with value: 0.01932618019934499.
Trial 79 finished with value: 0.07884317613711303 and parameters: {'learning_rate': 0.4546332366527001, 'colsample_bytree': 0.15677842871447875, 'subsample': 0.6032445998000527, 'min_data_in_leaf': 11, 'lags': 6}. Best is trial 35 with value: 0.01932618019934499.
Trial 80 finished with value: 0.025301503775568397 and parameters: {'learning_rate': 0.4774522287891206, 'colsample_bytree': 0.2434561556257991, 'subsample': 0.41242750709861054, 'min_data_in_leaf': 76, 'lags': 7}. Best is trial 35 with value: 0.01932618019934499.
Trial 81 finished with value: 0.01884613511154009 and parameters: {'learning_rate': 0.41868827573117606, 'colsample_bytree': 0.3748548346323696, 'subsample': 0.4580730614565909, 'min_data_in_leaf': 81, 'lags': 8}. Best is trial 81 with value: 0.01884613511154009.
